dic. 12, 2020 3:07:25 P. M. com.tamargo.exist.Coleccion recogerEmpresas
INFO: Empresas leídas: 1
dic. 12, 2020 3:07:25 P. M. com.tamargo.exist.Coleccion recogerDatos
INFO: Datos leídos: 416
dic. 12, 2020 3:13:59 P. M. com.tamargo.exist.Coleccion comprobarColeccion
SEVERE: Error al crear la colección. Error: Failed to read server's response: Connection refused: connect
dic. 12, 2020 3:14:06 P. M. com.tamargo.exist.Coleccion recogerEmpresas
INFO: Empresas leídas: 1
dic. 12, 2020 3:14:06 P. M. com.tamargo.exist.Coleccion recogerDatos
INFO: Datos leídos: 416
dic. 12, 2020 3:14:09 P. M. com.tamargo.exist.Coleccion recogerDepartamentos
INFO: Departamentos leídos: 5
dic. 12, 2020 3:14:09 P. M. com.tamargo.exist.Coleccion recogerEmpleadosContratados
INFO: Empleados contratados leídos: 14
dic. 12, 2020 3:14:09 P. M. com.tamargo.exist.Coleccion recogerEmpleadosDisponibles
INFO: Empleados disponibles leídos: 3
dic. 12, 2020 3:14:09 P. M. com.tamargo.exist.Coleccion numEmpleadosDepartamento
INFO: Número de empleados del departamento 1: 4
dic. 12, 2020 3:14:09 P. M. com.tamargo.exist.Coleccion salarioTotalDepartamento
INFO: Número de empleados del departamento 1: 52000
dic. 12, 2020 3:14:09 P. M. com.tamargo.exist.Coleccion recogerEmpleadosDisponibles
INFO: Empleados disponibles leídos: 3
dic. 12, 2020 3:14:13 P. M. com.tamargo.exist.Coleccion recogerEmpresas
INFO: Empresas leídas: 1
dic. 12, 2020 3:14:13 P. M. com.tamargo.exist.Coleccion recogerDatos
INFO: Datos leídos: 416
dic. 12, 2020 3:15:00 P. M. com.tamargo.exist.Coleccion recogerEmpresas
INFO: Empresas leídas: 1
dic. 12, 2020 3:15:00 P. M. com.tamargo.exist.Coleccion recogerDatos
INFO: Datos leídos: 416
dic. 12, 2020 3:15:02 P. M. com.tamargo.exist.Coleccion recogerDepartamentos
INFO: Departamentos leídos: 5
dic. 12, 2020 3:15:02 P. M. com.tamargo.exist.Coleccion recogerEmpleadosContratados
INFO: Empleados contratados leídos: 14
dic. 12, 2020 3:15:02 P. M. com.tamargo.exist.Coleccion recogerEmpleadosDisponibles
INFO: Empleados disponibles leídos: 3
dic. 12, 2020 3:15:02 P. M. com.tamargo.exist.Coleccion numEmpleadosDepartamento
INFO: Número de empleados del departamento 1: 4
dic. 12, 2020 3:15:02 P. M. com.tamargo.exist.Coleccion salarioTotalDepartamento
INFO: Número de empleados del departamento 1: 52000
dic. 12, 2020 3:15:02 P. M. com.tamargo.exist.Coleccion recogerEmpleadosDisponibles
INFO: Empleados disponibles leídos: 3
dic. 12, 2020 3:15:03 P. M. com.tamargo.exist.Coleccion borrarEmpresa
FINEST: Empresa 1 eliminada
dic. 12, 2020 3:15:03 P. M. com.tamargo.exist.Coleccion recogerEmpresas
INFO: Empresas leídas: 0
dic. 12, 2020 3:15:03 P. M. com.tamargo.exist.Coleccion recogerDatos
INFO: Datos leídos: 416
dic. 12, 2020 3:15:04 P. M. com.tamargo.exist.Coleccion idEmpresaMasAlto
INFO: Id de empresa más alto: 0
dic. 12, 2020 3:15:12 P. M. com.tamargo.exist.Coleccion depNoDepartamentoMasAlto
INFO: DepNo de departamento más alto: 0
dic. 12, 2020 3:15:12 P. M. com.tamargo.exist.Coleccion recogerDatos
INFO: Datos leídos: 416
dic. 12, 2020 3:15:12 P. M. com.tamargo.exist.Coleccion empNoEmpleadoContratadoMasAlto
INFO: EmpNo de empleadoContratado más alto: 14
dic. 12, 2020 3:15:12 P. M. com.tamargo.exist.Coleccion insertarEmpresa
FINEST: Nueva empresa 1 insertada
dic. 12, 2020 3:15:12 P. M. com.tamargo.exist.Coleccion insertarDepartamento
FINEST: Nuevo departamento  1 insertado
dic. 12, 2020 3:15:12 P. M. com.tamargo.exist.Coleccion insertarDepartamento
FINEST: Nuevo departamento  2 insertado
dic. 12, 2020 3:15:12 P. M. com.tamargo.exist.Coleccion insertarDepartamento
FINEST: Nuevo departamento  3 insertado
dic. 12, 2020 3:15:12 P. M. com.tamargo.exist.Coleccion insertarDepartamento
FINEST: Nuevo departamento  4 insertado
dic. 12, 2020 3:15:12 P. M. com.tamargo.exist.Coleccion insertarDepartamento
FINEST: Nuevo departamento  5 insertado
dic. 12, 2020 3:15:12 P. M. com.tamargo.exist.Coleccion insertarEmpleadoContratado
FINEST: Nuevo empleado contratado 15 insertado
dic. 12, 2020 3:15:12 P. M. com.tamargo.exist.Coleccion insertarEmpleadoContratado
FINEST: Nuevo empleado contratado 16 insertado
dic. 12, 2020 3:15:12 P. M. com.tamargo.exist.Coleccion numEmpleadosDepartamento
INFO: Número de empleados del departamento 1: 1
dic. 12, 2020 3:15:12 P. M. com.tamargo.exist.Coleccion salarioTotalDepartamento
INFO: Número de empleados del departamento 1: 1000
dic. 12, 2020 3:15:12 P. M. com.tamargo.exist.Coleccion recogerEmpleadosDisponibles
INFO: Empleados disponibles leídos: 0
dic. 12, 2020 3:15:12 P. M. com.tamargo.exist.Coleccion idEmpleadoDisponibleMasAlto
INFO: Id de empleadoDisponible más alto: 0
dic. 12, 2020 3:15:12 P. M. com.tamargo.exist.Coleccion insertarEmpleadoDisponible
FINEST: Nuevo empleado disponible 1 insertado
dic. 12, 2020 3:15:12 P. M. com.tamargo.exist.Coleccion idEmpleadoDisponibleMasAlto
INFO: Id de empleadoDisponible más alto: 1
dic. 12, 2020 3:15:12 P. M. com.tamargo.exist.Coleccion insertarEmpleadoDisponible
FINEST: Nuevo empleado disponible 2 insertado
dic. 12, 2020 3:15:12 P. M. com.tamargo.exist.Coleccion idEmpleadoDisponibleMasAlto
INFO: Id de empleadoDisponible más alto: 2
dic. 12, 2020 3:15:12 P. M. com.tamargo.exist.Coleccion insertarEmpleadoDisponible
FINEST: Nuevo empleado disponible 3 insertado
dic. 12, 2020 3:15:12 P. M. com.tamargo.exist.Coleccion idEmpleadoDisponibleMasAlto
INFO: Id de empleadoDisponible más alto: 3
dic. 12, 2020 3:15:12 P. M. com.tamargo.exist.Coleccion insertarEmpleadoDisponible
FINEST: Nuevo empleado disponible 4 insertado
dic. 12, 2020 3:15:18 P. M. com.tamargo.exist.Coleccion recogerEmpresas
INFO: Empresas leídas: 1
dic. 12, 2020 3:15:18 P. M. com.tamargo.exist.Coleccion recogerDatos
INFO: Datos leídos: 416
dic. 12, 2020 3:15:55 P. M. com.tamargo.exist.Coleccion idEmpresaMasAlto
INFO: Id de empresa más alto: 1
dic. 12, 2020 3:16:15 P. M. com.tamargo.exist.Coleccion depNoDepartamentoMasAlto
INFO: DepNo de departamento más alto: 5
dic. 12, 2020 3:16:15 P. M. com.tamargo.exist.Coleccion recogerDatos
INFO: Datos leídos: 416
dic. 12, 2020 3:16:15 P. M. com.tamargo.exist.Coleccion empNoEmpleadoContratadoMasAlto
INFO: EmpNo de empleadoContratado más alto: 16
dic. 12, 2020 3:16:15 P. M. com.tamargo.exist.Coleccion insertarEmpresa
FINEST: Nueva empresa 2 insertada
dic. 12, 2020 3:16:15 P. M. com.tamargo.exist.Coleccion insertarDepartamento
FINEST: Nuevo departamento  6 insertado
dic. 12, 2020 3:16:15 P. M. com.tamargo.exist.Coleccion insertarDepartamento
FINEST: Nuevo departamento  7 insertado
dic. 12, 2020 3:16:15 P. M. com.tamargo.exist.Coleccion insertarDepartamento
FINEST: Nuevo departamento  8 insertado
dic. 12, 2020 3:16:15 P. M. com.tamargo.exist.Coleccion insertarDepartamento
FINEST: Nuevo departamento  9 insertado
dic. 12, 2020 3:16:15 P. M. com.tamargo.exist.Coleccion insertarDepartamento
FINEST: Nuevo departamento  10 insertado
dic. 12, 2020 3:16:15 P. M. com.tamargo.exist.Coleccion insertarEmpleadoContratado
FINEST: Nuevo empleado contratado 17 insertado
dic. 12, 2020 3:16:15 P. M. com.tamargo.exist.Coleccion insertarEmpleadoContratado
FINEST: Nuevo empleado contratado 18 insertado
dic. 12, 2020 3:16:15 P. M. com.tamargo.exist.Coleccion numEmpleadosDepartamento
INFO: Número de empleados del departamento 6: 1
dic. 12, 2020 3:16:15 P. M. com.tamargo.exist.Coleccion salarioTotalDepartamento
INFO: Número de empleados del departamento 6: 1000
dic. 12, 2020 3:16:15 P. M. com.tamargo.exist.Coleccion recogerEmpleadosDisponibles
INFO: Empleados disponibles leídos: 4
dic. 12, 2020 3:16:15 P. M. com.tamargo.exist.Coleccion idEmpleadoDisponibleMasAlto
INFO: Id de empleadoDisponible más alto: 4
dic. 12, 2020 3:16:15 P. M. com.tamargo.exist.Coleccion insertarEmpleadoDisponible
FINEST: Nuevo empleado disponible 5 insertado
dic. 12, 2020 3:16:15 P. M. com.tamargo.exist.Coleccion idEmpleadoDisponibleMasAlto
INFO: Id de empleadoDisponible más alto: 5
dic. 12, 2020 3:16:15 P. M. com.tamargo.exist.Coleccion insertarEmpleadoDisponible
FINEST: Nuevo empleado disponible 6 insertado
dic. 12, 2020 3:16:15 P. M. com.tamargo.exist.Coleccion idEmpleadoDisponibleMasAlto
INFO: Id de empleadoDisponible más alto: 6
dic. 12, 2020 3:16:15 P. M. com.tamargo.exist.Coleccion insertarEmpleadoDisponible
FINEST: Nuevo empleado disponible 7 insertado
dic. 12, 2020 3:16:15 P. M. com.tamargo.exist.Coleccion idEmpleadoDisponibleMasAlto
INFO: Id de empleadoDisponible más alto: 7
dic. 12, 2020 3:16:15 P. M. com.tamargo.exist.Coleccion insertarEmpleadoDisponible
FINEST: Nuevo empleado disponible 8 insertado
dic. 12, 2020 3:16:20 P. M. com.tamargo.exist.Coleccion recogerEmpresas
INFO: Empresas leídas: 2
dic. 12, 2020 3:16:20 P. M. com.tamargo.exist.Coleccion recogerDatos
INFO: Datos leídos: 416
dic. 12, 2020 3:16:27 P. M. com.tamargo.exist.Coleccion idEmpresaMasAlto
INFO: Id de empresa más alto: 2
dic. 12, 2020 3:16:36 P. M. com.tamargo.exist.Coleccion depNoDepartamentoMasAlto
INFO: DepNo de departamento más alto: 10
dic. 12, 2020 3:16:36 P. M. com.tamargo.exist.Coleccion recogerDatos
INFO: Datos leídos: 416
dic. 12, 2020 3:16:36 P. M. com.tamargo.exist.Coleccion empNoEmpleadoContratadoMasAlto
INFO: EmpNo de empleadoContratado más alto: 18
dic. 12, 2020 3:16:36 P. M. com.tamargo.exist.Coleccion insertarEmpresa
FINEST: Nueva empresa 3 insertada
dic. 12, 2020 3:16:36 P. M. com.tamargo.exist.Coleccion insertarDepartamento
FINEST: Nuevo departamento  11 insertado
dic. 12, 2020 3:16:36 P. M. com.tamargo.exist.Coleccion insertarDepartamento
FINEST: Nuevo departamento  12 insertado
dic. 12, 2020 3:16:36 P. M. com.tamargo.exist.Coleccion insertarDepartamento
FINEST: Nuevo departamento  13 insertado
dic. 12, 2020 3:16:36 P. M. com.tamargo.exist.Coleccion insertarDepartamento
FINEST: Nuevo departamento  14 insertado
dic. 12, 2020 3:16:36 P. M. com.tamargo.exist.Coleccion insertarDepartamento
FINEST: Nuevo departamento  15 insertado
dic. 12, 2020 3:16:36 P. M. com.tamargo.exist.Coleccion insertarEmpleadoContratado
FINEST: Nuevo empleado contratado 19 insertado
dic. 12, 2020 3:16:36 P. M. com.tamargo.exist.Coleccion insertarEmpleadoContratado
FINEST: Nuevo empleado contratado 20 insertado
dic. 12, 2020 3:16:36 P. M. com.tamargo.exist.Coleccion numEmpleadosDepartamento
INFO: Número de empleados del departamento 11: 1
dic. 12, 2020 3:16:36 P. M. com.tamargo.exist.Coleccion salarioTotalDepartamento
INFO: Número de empleados del departamento 11: 1000
dic. 12, 2020 3:16:36 P. M. com.tamargo.exist.Coleccion recogerEmpleadosDisponibles
INFO: Empleados disponibles leídos: 8
dic. 12, 2020 3:16:36 P. M. com.tamargo.exist.Coleccion idEmpleadoDisponibleMasAlto
INFO: Id de empleadoDisponible más alto: 8
dic. 12, 2020 3:16:36 P. M. com.tamargo.exist.Coleccion insertarEmpleadoDisponible
FINEST: Nuevo empleado disponible 9 insertado
dic. 12, 2020 3:16:36 P. M. com.tamargo.exist.Coleccion idEmpleadoDisponibleMasAlto
INFO: Id de empleadoDisponible más alto: 9
dic. 12, 2020 3:16:36 P. M. com.tamargo.exist.Coleccion insertarEmpleadoDisponible
FINEST: Nuevo empleado disponible 10 insertado
dic. 12, 2020 3:16:36 P. M. com.tamargo.exist.Coleccion idEmpleadoDisponibleMasAlto
INFO: Id de empleadoDisponible más alto: 10
dic. 12, 2020 3:16:36 P. M. com.tamargo.exist.Coleccion insertarEmpleadoDisponible
FINEST: Nuevo empleado disponible 11 insertado
dic. 12, 2020 3:16:36 P. M. com.tamargo.exist.Coleccion idEmpleadoDisponibleMasAlto
INFO: Id de empleadoDisponible más alto: 11
dic. 12, 2020 3:16:36 P. M. com.tamargo.exist.Coleccion insertarEmpleadoDisponible
FINEST: Nuevo empleado disponible 12 insertado
dic. 12, 2020 3:16:38 P. M. com.tamargo.exist.Coleccion recogerEmpresas
INFO: Empresas leídas: 3
dic. 12, 2020 3:16:38 P. M. com.tamargo.exist.Coleccion recogerDatos
INFO: Datos leídos: 416
dic. 12, 2020 3:16:41 P. M. com.tamargo.exist.Coleccion idEmpresaMasAlto
INFO: Id de empresa más alto: 3
dic. 12, 2020 3:16:52 P. M. com.tamargo.exist.Coleccion depNoDepartamentoMasAlto
INFO: DepNo de departamento más alto: 15
dic. 12, 2020 3:16:52 P. M. com.tamargo.exist.Coleccion recogerDatos
INFO: Datos leídos: 416
dic. 12, 2020 3:16:52 P. M. com.tamargo.exist.Coleccion empNoEmpleadoContratadoMasAlto
INFO: EmpNo de empleadoContratado más alto: 20
dic. 12, 2020 3:16:52 P. M. com.tamargo.exist.Coleccion insertarEmpresa
FINEST: Nueva empresa 4 insertada
dic. 12, 2020 3:16:52 P. M. com.tamargo.exist.Coleccion insertarDepartamento
FINEST: Nuevo departamento  16 insertado
dic. 12, 2020 3:16:52 P. M. com.tamargo.exist.Coleccion insertarDepartamento
FINEST: Nuevo departamento  17 insertado
dic. 12, 2020 3:16:52 P. M. com.tamargo.exist.Coleccion insertarDepartamento
FINEST: Nuevo departamento  18 insertado
dic. 12, 2020 3:16:52 P. M. com.tamargo.exist.Coleccion insertarDepartamento
FINEST: Nuevo departamento  19 insertado
dic. 12, 2020 3:16:52 P. M. com.tamargo.exist.Coleccion insertarDepartamento
FINEST: Nuevo departamento  20 insertado
dic. 12, 2020 3:16:52 P. M. com.tamargo.exist.Coleccion insertarEmpleadoContratado
FINEST: Nuevo empleado contratado 21 insertado
dic. 12, 2020 3:16:52 P. M. com.tamargo.exist.Coleccion insertarEmpleadoContratado
FINEST: Nuevo empleado contratado 22 insertado
dic. 12, 2020 3:16:52 P. M. com.tamargo.exist.Coleccion numEmpleadosDepartamento
INFO: Número de empleados del departamento 16: 1
dic. 12, 2020 3:16:52 P. M. com.tamargo.exist.Coleccion salarioTotalDepartamento
INFO: Número de empleados del departamento 16: 1000
dic. 12, 2020 3:16:52 P. M. com.tamargo.exist.Coleccion recogerEmpleadosDisponibles
INFO: Empleados disponibles leídos: 12
dic. 12, 2020 3:16:52 P. M. com.tamargo.exist.Coleccion idEmpleadoDisponibleMasAlto
INFO: Id de empleadoDisponible más alto: 12
dic. 12, 2020 3:16:52 P. M. com.tamargo.exist.Coleccion insertarEmpleadoDisponible
FINEST: Nuevo empleado disponible 13 insertado
dic. 12, 2020 3:16:52 P. M. com.tamargo.exist.Coleccion idEmpleadoDisponibleMasAlto
INFO: Id de empleadoDisponible más alto: 13
dic. 12, 2020 3:16:52 P. M. com.tamargo.exist.Coleccion insertarEmpleadoDisponible
FINEST: Nuevo empleado disponible 14 insertado
dic. 12, 2020 3:16:52 P. M. com.tamargo.exist.Coleccion idEmpleadoDisponibleMasAlto
INFO: Id de empleadoDisponible más alto: 14
dic. 12, 2020 3:16:52 P. M. com.tamargo.exist.Coleccion insertarEmpleadoDisponible
FINEST: Nuevo empleado disponible 15 insertado
dic. 12, 2020 3:16:52 P. M. com.tamargo.exist.Coleccion idEmpleadoDisponibleMasAlto
INFO: Id de empleadoDisponible más alto: 15
dic. 12, 2020 3:16:52 P. M. com.tamargo.exist.Coleccion insertarEmpleadoDisponible
FINEST: Nuevo empleado disponible 16 insertado
dic. 12, 2020 3:16:53 P. M. com.tamargo.exist.Coleccion recogerEmpresas
INFO: Empresas leídas: 4
dic. 12, 2020 3:16:53 P. M. com.tamargo.exist.Coleccion recogerDatos
INFO: Datos leídos: 416
dic. 12, 2020 3:17:54 P. M. com.tamargo.exist.Coleccion recogerDepartamentos
INFO: Departamentos leídos: 20
dic. 12, 2020 3:17:54 P. M. com.tamargo.exist.Coleccion recogerEmpleadosContratados
INFO: Empleados contratados leídos: 10
dic. 12, 2020 3:17:54 P. M. com.tamargo.exist.Coleccion recogerEmpleadosDisponibles
INFO: Empleados disponibles leídos: 16
dic. 12, 2020 3:17:54 P. M. com.tamargo.exist.Coleccion numEmpleadosDepartamento
INFO: Número de empleados del departamento 1: 1
dic. 12, 2020 3:17:54 P. M. com.tamargo.exist.Coleccion salarioTotalDepartamento
INFO: Número de empleados del departamento 1: 1000
dic. 12, 2020 3:17:54 P. M. com.tamargo.exist.Coleccion recogerEmpleadosDisponibles
INFO: Empleados disponibles leídos: 16
dic. 12, 2020 3:18:01 P. M. com.tamargo.exist.Coleccion recogerEmpresas
INFO: Empresas leídas: 4
dic. 12, 2020 3:18:01 P. M. com.tamargo.exist.Coleccion recogerDatos
INFO: Datos leídos: 416
dic. 12, 2020 3:18:05 P. M. com.tamargo.exist.Coleccion idEmpresaMasAlto
INFO: Id de empresa más alto: 4
dic. 12, 2020 3:18:09 P. M. com.tamargo.exist.Coleccion depNoDepartamentoMasAlto
INFO: DepNo de departamento más alto: 20
dic. 12, 2020 3:18:09 P. M. com.tamargo.exist.Coleccion recogerDatos
INFO: Datos leídos: 416
dic. 12, 2020 3:18:09 P. M. com.tamargo.exist.Coleccion empNoEmpleadoContratadoMasAlto
INFO: EmpNo de empleadoContratado más alto: 22
dic. 12, 2020 3:18:09 P. M. com.tamargo.exist.Coleccion insertarEmpresa
FINEST: Nueva empresa 5 insertada
dic. 12, 2020 3:18:09 P. M. com.tamargo.exist.Coleccion insertarDepartamento
FINEST: Nuevo departamento  21 insertado
dic. 12, 2020 3:18:09 P. M. com.tamargo.exist.Coleccion insertarDepartamento
FINEST: Nuevo departamento  22 insertado
dic. 12, 2020 3:18:09 P. M. com.tamargo.exist.Coleccion insertarDepartamento
FINEST: Nuevo departamento  23 insertado
dic. 12, 2020 3:18:09 P. M. com.tamargo.exist.Coleccion insertarDepartamento
FINEST: Nuevo departamento  24 insertado
dic. 12, 2020 3:18:09 P. M. com.tamargo.exist.Coleccion insertarDepartamento
FINEST: Nuevo departamento  25 insertado
dic. 12, 2020 3:18:09 P. M. com.tamargo.exist.Coleccion insertarEmpleadoContratado
FINEST: Nuevo empleado contratado 23 insertado
dic. 12, 2020 3:18:09 P. M. com.tamargo.exist.Coleccion insertarEmpleadoContratado
FINEST: Nuevo empleado contratado 24 insertado
dic. 12, 2020 3:18:10 P. M. com.tamargo.exist.Coleccion numEmpleadosDepartamento
INFO: Número de empleados del departamento 21: 1
dic. 12, 2020 3:18:10 P. M. com.tamargo.exist.Coleccion salarioTotalDepartamento
INFO: Número de empleados del departamento 21: 1000
dic. 12, 2020 3:18:10 P. M. com.tamargo.exist.Coleccion recogerEmpleadosDisponibles
INFO: Empleados disponibles leídos: 16
dic. 12, 2020 3:18:10 P. M. com.tamargo.exist.Coleccion idEmpleadoDisponibleMasAlto
INFO: Id de empleadoDisponible más alto: 16
dic. 12, 2020 3:18:10 P. M. com.tamargo.exist.Coleccion insertarEmpleadoDisponible
FINEST: Nuevo empleado disponible 17 insertado
dic. 12, 2020 3:18:10 P. M. com.tamargo.exist.Coleccion idEmpleadoDisponibleMasAlto
INFO: Id de empleadoDisponible más alto: 17
dic. 12, 2020 3:18:10 P. M. com.tamargo.exist.Coleccion insertarEmpleadoDisponible
FINEST: Nuevo empleado disponible 18 insertado
dic. 12, 2020 3:18:10 P. M. com.tamargo.exist.Coleccion idEmpleadoDisponibleMasAlto
INFO: Id de empleadoDisponible más alto: 18
dic. 12, 2020 3:18:10 P. M. com.tamargo.exist.Coleccion insertarEmpleadoDisponible
FINEST: Nuevo empleado disponible 19 insertado
dic. 12, 2020 3:18:10 P. M. com.tamargo.exist.Coleccion idEmpleadoDisponibleMasAlto
INFO: Id de empleadoDisponible más alto: 19
dic. 12, 2020 3:18:10 P. M. com.tamargo.exist.Coleccion insertarEmpleadoDisponible
FINEST: Nuevo empleado disponible 20 insertado
dic. 12, 2020 3:18:14 P. M. com.tamargo.exist.Coleccion empNoEmpleadoContratadoMasAlto
INFO: EmpNo de empleadoContratado más alto: 24
dic. 12, 2020 3:18:14 P. M. com.tamargo.exist.Coleccion insertarEmpleadoContratado
FINEST: Nuevo empleado contratado 25 insertado
dic. 12, 2020 3:18:14 P. M. com.tamargo.exist.Coleccion numEmpleadosDepartamento
INFO: Número de empleados del departamento 21: 2
dic. 12, 2020 3:18:14 P. M. com.tamargo.exist.Coleccion salarioTotalDepartamento
INFO: Número de empleados del departamento 21: 9000
dic. 12, 2020 3:18:16 P. M. com.tamargo.exist.Coleccion numEmpleadosDepartamento
INFO: Número de empleados del departamento 22: 1
dic. 12, 2020 3:18:16 P. M. com.tamargo.exist.Coleccion salarioTotalDepartamento
INFO: Número de empleados del departamento 22: 1000
dic. 12, 2020 3:18:17 P. M. com.tamargo.exist.Coleccion numEmpleadosDepartamento
INFO: Número de empleados del departamento 23: 0
dic. 12, 2020 3:18:17 P. M. com.tamargo.exist.Coleccion salarioTotalDepartamento
INFO: Número de empleados del departamento 23: 0
dic. 12, 2020 3:18:17 P. M. com.tamargo.exist.Coleccion numEmpleadosDepartamento
INFO: Número de empleados del departamento 22: 1
dic. 12, 2020 3:18:17 P. M. com.tamargo.exist.Coleccion salarioTotalDepartamento
INFO: Número de empleados del departamento 22: 1000
dic. 12, 2020 3:18:49 P. M. com.tamargo.exist.Coleccion editarEmpresa
FINEST: Empresa 5 editada
dic. 12, 2020 3:18:49 P. M. com.tamargo.exist.Coleccion numEmpleadosDepartamento
INFO: Número de empleados del departamento 21: 2
dic. 12, 2020 3:18:49 P. M. com.tamargo.exist.Coleccion salarioTotalDepartamento
INFO: Número de empleados del departamento 21: 9000
dic. 12, 2020 3:18:49 P. M. com.tamargo.exist.Coleccion recogerEmpleadosDisponibles
INFO: Empleados disponibles leídos: 16
dic. 12, 2020 3:18:49 P. M. com.tamargo.exist.Coleccion idEmpleadoDisponibleMasAlto
INFO: Id de empleadoDisponible más alto: 16
dic. 12, 2020 3:18:49 P. M. com.tamargo.exist.Coleccion insertarEmpleadoDisponible
FINEST: Nuevo empleado disponible 17 insertado
dic. 12, 2020 3:18:49 P. M. com.tamargo.exist.Coleccion idEmpleadoDisponibleMasAlto
INFO: Id de empleadoDisponible más alto: 17
dic. 12, 2020 3:18:49 P. M. com.tamargo.exist.Coleccion insertarEmpleadoDisponible
FINEST: Nuevo empleado disponible 18 insertado
dic. 12, 2020 3:18:49 P. M. com.tamargo.exist.Coleccion idEmpleadoDisponibleMasAlto
INFO: Id de empleadoDisponible más alto: 18
dic. 12, 2020 3:18:49 P. M. com.tamargo.exist.Coleccion insertarEmpleadoDisponible
FINEST: Nuevo empleado disponible 19 insertado
dic. 12, 2020 3:18:49 P. M. com.tamargo.exist.Coleccion idEmpleadoDisponibleMasAlto
INFO: Id de empleadoDisponible más alto: 19
dic. 12, 2020 3:18:49 P. M. com.tamargo.exist.Coleccion insertarEmpleadoDisponible
FINEST: Nuevo empleado disponible 20 insertado
dic. 12, 2020 3:18:51 P. M. com.tamargo.exist.Coleccion empNoEmpleadoContratadoMasAlto
INFO: EmpNo de empleadoContratado más alto: 25
dic. 12, 2020 3:18:51 P. M. com.tamargo.exist.Coleccion insertarEmpleadoContratado
FINEST: Nuevo empleado contratado 26 insertado
dic. 12, 2020 3:18:51 P. M. com.tamargo.exist.Coleccion numEmpleadosDepartamento
INFO: Número de empleados del departamento 21: 2
dic. 12, 2020 3:18:51 P. M. com.tamargo.exist.Coleccion salarioTotalDepartamento
INFO: Número de empleados del departamento 21: 9000
dic. 12, 2020 3:21:32 P. M. com.tamargo.exist.Coleccion editarEmpresa
FINEST: Empresa 5 editada
dic. 12, 2020 3:21:32 P. M. com.tamargo.exist.Coleccion numEmpleadosDepartamento
INFO: Número de empleados del departamento 21: 2
dic. 12, 2020 3:21:32 P. M. com.tamargo.exist.Coleccion salarioTotalDepartamento
INFO: Número de empleados del departamento 21: 9000
dic. 12, 2020 3:21:32 P. M. com.tamargo.exist.Coleccion recogerEmpleadosDisponibles
INFO: Empleados disponibles leídos: 16
dic. 12, 2020 3:21:32 P. M. com.tamargo.exist.Coleccion idEmpleadoDisponibleMasAlto
INFO: Id de empleadoDisponible más alto: 16
dic. 12, 2020 3:21:32 P. M. com.tamargo.exist.Coleccion insertarEmpleadoDisponible
FINEST: Nuevo empleado disponible 17 insertado
dic. 12, 2020 3:21:32 P. M. com.tamargo.exist.Coleccion idEmpleadoDisponibleMasAlto
INFO: Id de empleadoDisponible más alto: 17
dic. 12, 2020 3:21:32 P. M. com.tamargo.exist.Coleccion insertarEmpleadoDisponible
FINEST: Nuevo empleado disponible 18 insertado
dic. 12, 2020 3:21:32 P. M. com.tamargo.exist.Coleccion idEmpleadoDisponibleMasAlto
INFO: Id de empleadoDisponible más alto: 18
dic. 12, 2020 3:21:32 P. M. com.tamargo.exist.Coleccion insertarEmpleadoDisponible
FINEST: Nuevo empleado disponible 19 insertado
dic. 12, 2020 3:21:32 P. M. com.tamargo.exist.Coleccion idEmpleadoDisponibleMasAlto
INFO: Id de empleadoDisponible más alto: 19
dic. 12, 2020 3:21:32 P. M. com.tamargo.exist.Coleccion insertarEmpleadoDisponible
FINEST: Nuevo empleado disponible 20 insertado
dic. 12, 2020 3:21:33 P. M. com.tamargo.exist.Coleccion editarEmpresa
FINEST: Empresa 5 editada
dic. 12, 2020 3:21:33 P. M. com.tamargo.exist.Coleccion numEmpleadosDepartamento
INFO: Número de empleados del departamento 21: 2
dic. 12, 2020 3:21:33 P. M. com.tamargo.exist.Coleccion salarioTotalDepartamento
INFO: Número de empleados del departamento 21: 9000
dic. 12, 2020 3:21:33 P. M. com.tamargo.exist.Coleccion recogerEmpleadosDisponibles
INFO: Empleados disponibles leídos: 16
dic. 12, 2020 3:21:33 P. M. com.tamargo.exist.Coleccion idEmpleadoDisponibleMasAlto
INFO: Id de empleadoDisponible más alto: 16
dic. 12, 2020 3:21:33 P. M. com.tamargo.exist.Coleccion insertarEmpleadoDisponible
FINEST: Nuevo empleado disponible 17 insertado
dic. 12, 2020 3:21:33 P. M. com.tamargo.exist.Coleccion idEmpleadoDisponibleMasAlto
INFO: Id de empleadoDisponible más alto: 17
dic. 12, 2020 3:21:33 P. M. com.tamargo.exist.Coleccion insertarEmpleadoDisponible
FINEST: Nuevo empleado disponible 18 insertado
dic. 12, 2020 3:21:33 P. M. com.tamargo.exist.Coleccion idEmpleadoDisponibleMasAlto
INFO: Id de empleadoDisponible más alto: 18
dic. 12, 2020 3:21:33 P. M. com.tamargo.exist.Coleccion insertarEmpleadoDisponible
FINEST: Nuevo empleado disponible 19 insertado
dic. 12, 2020 3:21:33 P. M. com.tamargo.exist.Coleccion idEmpleadoDisponibleMasAlto
INFO: Id de empleadoDisponible más alto: 19
dic. 12, 2020 3:21:33 P. M. com.tamargo.exist.Coleccion insertarEmpleadoDisponible
FINEST: Nuevo empleado disponible 20 insertado
dic. 12, 2020 3:21:33 P. M. com.tamargo.exist.Coleccion editarEmpresa
FINEST: Empresa 5 editada
dic. 12, 2020 3:21:33 P. M. com.tamargo.exist.Coleccion numEmpleadosDepartamento
INFO: Número de empleados del departamento 21: 2
dic. 12, 2020 3:21:33 P. M. com.tamargo.exist.Coleccion salarioTotalDepartamento
INFO: Número de empleados del departamento 21: 9000
dic. 12, 2020 3:21:33 P. M. com.tamargo.exist.Coleccion recogerEmpleadosDisponibles
INFO: Empleados disponibles leídos: 16
dic. 12, 2020 3:21:33 P. M. com.tamargo.exist.Coleccion idEmpleadoDisponibleMasAlto
INFO: Id de empleadoDisponible más alto: 16
dic. 12, 2020 3:21:33 P. M. com.tamargo.exist.Coleccion insertarEmpleadoDisponible
FINEST: Nuevo empleado disponible 17 insertado
dic. 12, 2020 3:21:33 P. M. com.tamargo.exist.Coleccion idEmpleadoDisponibleMasAlto
INFO: Id de empleadoDisponible más alto: 17
dic. 12, 2020 3:21:33 P. M. com.tamargo.exist.Coleccion insertarEmpleadoDisponible
FINEST: Nuevo empleado disponible 18 insertado
dic. 12, 2020 3:21:33 P. M. com.tamargo.exist.Coleccion idEmpleadoDisponibleMasAlto
INFO: Id de empleadoDisponible más alto: 18
dic. 12, 2020 3:21:33 P. M. com.tamargo.exist.Coleccion insertarEmpleadoDisponible
FINEST: Nuevo empleado disponible 19 insertado
dic. 12, 2020 3:21:33 P. M. com.tamargo.exist.Coleccion idEmpleadoDisponibleMasAlto
INFO: Id de empleadoDisponible más alto: 19
dic. 12, 2020 3:21:33 P. M. com.tamargo.exist.Coleccion insertarEmpleadoDisponible
FINEST: Nuevo empleado disponible 20 insertado
dic. 12, 2020 3:21:33 P. M. com.tamargo.exist.Coleccion editarEmpresa
FINEST: Empresa 5 editada
dic. 12, 2020 3:21:33 P. M. com.tamargo.exist.Coleccion editarEdadEmpleadoContratado
FINEST: Edad del empleado 24 editada
dic. 12, 2020 3:21:33 P. M. com.tamargo.exist.Coleccion numEmpleadosDepartamento
INFO: Número de empleados del departamento 21: 2
dic. 12, 2020 3:21:33 P. M. com.tamargo.exist.Coleccion salarioTotalDepartamento
INFO: Número de empleados del departamento 21: 9000
dic. 12, 2020 3:21:33 P. M. com.tamargo.exist.Coleccion recogerEmpleadosDisponibles
INFO: Empleados disponibles leídos: 16
dic. 12, 2020 3:21:33 P. M. com.tamargo.exist.Coleccion idEmpleadoDisponibleMasAlto
INFO: Id de empleadoDisponible más alto: 16
dic. 12, 2020 3:21:33 P. M. com.tamargo.exist.Coleccion insertarEmpleadoDisponible
FINEST: Nuevo empleado disponible 17 insertado
dic. 12, 2020 3:21:33 P. M. com.tamargo.exist.Coleccion idEmpleadoDisponibleMasAlto
INFO: Id de empleadoDisponible más alto: 17
dic. 12, 2020 3:21:33 P. M. com.tamargo.exist.Coleccion insertarEmpleadoDisponible
FINEST: Nuevo empleado disponible 18 insertado
dic. 12, 2020 3:21:33 P. M. com.tamargo.exist.Coleccion idEmpleadoDisponibleMasAlto
INFO: Id de empleadoDisponible más alto: 18
dic. 12, 2020 3:21:33 P. M. com.tamargo.exist.Coleccion insertarEmpleadoDisponible
FINEST: Nuevo empleado disponible 19 insertado
dic. 12, 2020 3:21:33 P. M. com.tamargo.exist.Coleccion idEmpleadoDisponibleMasAlto
INFO: Id de empleadoDisponible más alto: 19
dic. 12, 2020 3:21:33 P. M. com.tamargo.exist.Coleccion insertarEmpleadoDisponible
FINEST: Nuevo empleado disponible 20 insertado
dic. 12, 2020 3:21:33 P. M. com.tamargo.exist.Coleccion editarEmpresa
FINEST: Empresa 5 editada
dic. 12, 2020 3:21:33 P. M. com.tamargo.exist.Coleccion numEmpleadosDepartamento
INFO: Número de empleados del departamento 21: 2
dic. 12, 2020 3:21:33 P. M. com.tamargo.exist.Coleccion salarioTotalDepartamento
INFO: Número de empleados del departamento 21: 9000
dic. 12, 2020 3:21:33 P. M. com.tamargo.exist.Coleccion recogerEmpleadosDisponibles
INFO: Empleados disponibles leídos: 16
dic. 12, 2020 3:21:33 P. M. com.tamargo.exist.Coleccion idEmpleadoDisponibleMasAlto
INFO: Id de empleadoDisponible más alto: 16
dic. 12, 2020 3:21:33 P. M. com.tamargo.exist.Coleccion insertarEmpleadoDisponible
FINEST: Nuevo empleado disponible 17 insertado
dic. 12, 2020 3:21:33 P. M. com.tamargo.exist.Coleccion idEmpleadoDisponibleMasAlto
INFO: Id de empleadoDisponible más alto: 17
dic. 12, 2020 3:21:33 P. M. com.tamargo.exist.Coleccion insertarEmpleadoDisponible
FINEST: Nuevo empleado disponible 18 insertado
dic. 12, 2020 3:21:33 P. M. com.tamargo.exist.Coleccion idEmpleadoDisponibleMasAlto
INFO: Id de empleadoDisponible más alto: 18
dic. 12, 2020 3:21:33 P. M. com.tamargo.exist.Coleccion insertarEmpleadoDisponible
FINEST: Nuevo empleado disponible 19 insertado
dic. 12, 2020 3:21:33 P. M. com.tamargo.exist.Coleccion idEmpleadoDisponibleMasAlto
INFO: Id de empleadoDisponible más alto: 19
dic. 12, 2020 3:21:33 P. M. com.tamargo.exist.Coleccion insertarEmpleadoDisponible
FINEST: Nuevo empleado disponible 20 insertado
dic. 12, 2020 3:21:33 P. M. com.tamargo.exist.Coleccion editarEmpresa
FINEST: Empresa 5 editada
dic. 12, 2020 3:21:33 P. M. com.tamargo.exist.Coleccion numEmpleadosDepartamento
INFO: Número de empleados del departamento 21: 2
dic. 12, 2020 3:21:33 P. M. com.tamargo.exist.Coleccion salarioTotalDepartamento
INFO: Número de empleados del departamento 21: 9000
dic. 12, 2020 3:21:33 P. M. com.tamargo.exist.Coleccion recogerEmpleadosDisponibles
INFO: Empleados disponibles leídos: 16
dic. 12, 2020 3:21:33 P. M. com.tamargo.exist.Coleccion idEmpleadoDisponibleMasAlto
INFO: Id de empleadoDisponible más alto: 16
dic. 12, 2020 3:21:33 P. M. com.tamargo.exist.Coleccion insertarEmpleadoDisponible
FINEST: Nuevo empleado disponible 17 insertado
dic. 12, 2020 3:21:33 P. M. com.tamargo.exist.Coleccion idEmpleadoDisponibleMasAlto
INFO: Id de empleadoDisponible más alto: 17
dic. 12, 2020 3:21:33 P. M. com.tamargo.exist.Coleccion insertarEmpleadoDisponible
FINEST: Nuevo empleado disponible 18 insertado
dic. 12, 2020 3:21:33 P. M. com.tamargo.exist.Coleccion idEmpleadoDisponibleMasAlto
INFO: Id de empleadoDisponible más alto: 18
dic. 12, 2020 3:21:33 P. M. com.tamargo.exist.Coleccion insertarEmpleadoDisponible
FINEST: Nuevo empleado disponible 19 insertado
dic. 12, 2020 3:21:33 P. M. com.tamargo.exist.Coleccion idEmpleadoDisponibleMasAlto
INFO: Id de empleadoDisponible más alto: 19
dic. 12, 2020 3:21:33 P. M. com.tamargo.exist.Coleccion insertarEmpleadoDisponible
FINEST: Nuevo empleado disponible 20 insertado
dic. 12, 2020 3:21:33 P. M. com.tamargo.exist.Coleccion editarEmpresa
FINEST: Empresa 5 editada
dic. 12, 2020 3:21:33 P. M. com.tamargo.exist.Coleccion editarEdadEmpleadoContratado
FINEST: Edad del empleado 25 editada
dic. 12, 2020 3:21:33 P. M. com.tamargo.exist.Coleccion numEmpleadosDepartamento
INFO: Número de empleados del departamento 21: 2
dic. 12, 2020 3:21:33 P. M. com.tamargo.exist.Coleccion salarioTotalDepartamento
INFO: Número de empleados del departamento 21: 9000
dic. 12, 2020 3:21:33 P. M. com.tamargo.exist.Coleccion recogerEmpleadosDisponibles
INFO: Empleados disponibles leídos: 16
dic. 12, 2020 3:21:33 P. M. com.tamargo.exist.Coleccion idEmpleadoDisponibleMasAlto
INFO: Id de empleadoDisponible más alto: 16
dic. 12, 2020 3:21:33 P. M. com.tamargo.exist.Coleccion insertarEmpleadoDisponible
FINEST: Nuevo empleado disponible 17 insertado
dic. 12, 2020 3:21:33 P. M. com.tamargo.exist.Coleccion idEmpleadoDisponibleMasAlto
INFO: Id de empleadoDisponible más alto: 17
dic. 12, 2020 3:21:33 P. M. com.tamargo.exist.Coleccion insertarEmpleadoDisponible
FINEST: Nuevo empleado disponible 18 insertado
dic. 12, 2020 3:21:33 P. M. com.tamargo.exist.Coleccion idEmpleadoDisponibleMasAlto
INFO: Id de empleadoDisponible más alto: 18
dic. 12, 2020 3:21:33 P. M. com.tamargo.exist.Coleccion insertarEmpleadoDisponible
FINEST: Nuevo empleado disponible 19 insertado
dic. 12, 2020 3:21:33 P. M. com.tamargo.exist.Coleccion idEmpleadoDisponibleMasAlto
INFO: Id de empleadoDisponible más alto: 19
dic. 12, 2020 3:21:33 P. M. com.tamargo.exist.Coleccion insertarEmpleadoDisponible
FINEST: Nuevo empleado disponible 20 insertado
dic. 12, 2020 3:21:33 P. M. com.tamargo.exist.Coleccion editarEmpresa
FINEST: Empresa 5 editada
dic. 12, 2020 3:21:33 P. M. com.tamargo.exist.Coleccion numEmpleadosDepartamento
INFO: Número de empleados del departamento 21: 2
dic. 12, 2020 3:21:33 P. M. com.tamargo.exist.Coleccion salarioTotalDepartamento
INFO: Número de empleados del departamento 21: 9000
dic. 12, 2020 3:21:33 P. M. com.tamargo.exist.Coleccion recogerEmpleadosDisponibles
INFO: Empleados disponibles leídos: 16
dic. 12, 2020 3:21:33 P. M. com.tamargo.exist.Coleccion idEmpleadoDisponibleMasAlto
INFO: Id de empleadoDisponible más alto: 16
dic. 12, 2020 3:21:33 P. M. com.tamargo.exist.Coleccion insertarEmpleadoDisponible
FINEST: Nuevo empleado disponible 17 insertado
dic. 12, 2020 3:21:33 P. M. com.tamargo.exist.Coleccion idEmpleadoDisponibleMasAlto
INFO: Id de empleadoDisponible más alto: 17
dic. 12, 2020 3:21:33 P. M. com.tamargo.exist.Coleccion insertarEmpleadoDisponible
FINEST: Nuevo empleado disponible 18 insertado
dic. 12, 2020 3:21:33 P. M. com.tamargo.exist.Coleccion idEmpleadoDisponibleMasAlto
INFO: Id de empleadoDisponible más alto: 18
dic. 12, 2020 3:21:33 P. M. com.tamargo.exist.Coleccion insertarEmpleadoDisponible
FINEST: Nuevo empleado disponible 19 insertado
dic. 12, 2020 3:21:33 P. M. com.tamargo.exist.Coleccion idEmpleadoDisponibleMasAlto
INFO: Id de empleadoDisponible más alto: 19
dic. 12, 2020 3:21:33 P. M. com.tamargo.exist.Coleccion insertarEmpleadoDisponible
FINEST: Nuevo empleado disponible 20 insertado
dic. 12, 2020 3:21:33 P. M. com.tamargo.exist.Coleccion editarEmpresa
FINEST: Empresa 5 editada
dic. 12, 2020 3:21:33 P. M. com.tamargo.exist.Coleccion numEmpleadosDepartamento
INFO: Número de empleados del departamento 21: 2
dic. 12, 2020 3:21:33 P. M. com.tamargo.exist.Coleccion salarioTotalDepartamento
INFO: Número de empleados del departamento 21: 9000
dic. 12, 2020 3:21:33 P. M. com.tamargo.exist.Coleccion recogerEmpleadosDisponibles
INFO: Empleados disponibles leídos: 16
dic. 12, 2020 3:21:33 P. M. com.tamargo.exist.Coleccion idEmpleadoDisponibleMasAlto
INFO: Id de empleadoDisponible más alto: 16
dic. 12, 2020 3:21:33 P. M. com.tamargo.exist.Coleccion insertarEmpleadoDisponible
FINEST: Nuevo empleado disponible 17 insertado
dic. 12, 2020 3:21:33 P. M. com.tamargo.exist.Coleccion idEmpleadoDisponibleMasAlto
INFO: Id de empleadoDisponible más alto: 17
dic. 12, 2020 3:21:33 P. M. com.tamargo.exist.Coleccion insertarEmpleadoDisponible
FINEST: Nuevo empleado disponible 18 insertado
dic. 12, 2020 3:21:33 P. M. com.tamargo.exist.Coleccion idEmpleadoDisponibleMasAlto
INFO: Id de empleadoDisponible más alto: 18
dic. 12, 2020 3:21:33 P. M. com.tamargo.exist.Coleccion insertarEmpleadoDisponible
FINEST: Nuevo empleado disponible 19 insertado
dic. 12, 2020 3:21:33 P. M. com.tamargo.exist.Coleccion idEmpleadoDisponibleMasAlto
INFO: Id de empleadoDisponible más alto: 19
dic. 12, 2020 3:21:33 P. M. com.tamargo.exist.Coleccion insertarEmpleadoDisponible
FINEST: Nuevo empleado disponible 20 insertado
dic. 12, 2020 3:21:37 P. M. com.tamargo.exist.Coleccion empNoEmpleadoContratadoMasAlto
INFO: EmpNo de empleadoContratado más alto: 26
dic. 12, 2020 3:21:37 P. M. com.tamargo.exist.Coleccion insertarEmpleadoContratado
FINEST: Nuevo empleado contratado 27 insertado
dic. 12, 2020 3:21:37 P. M. com.tamargo.exist.Coleccion numEmpleadosDepartamento
INFO: Número de empleados del departamento 21: 2
dic. 12, 2020 3:21:37 P. M. com.tamargo.exist.Coleccion salarioTotalDepartamento
INFO: Número de empleados del departamento 21: 9000
dic. 12, 2020 3:21:38 P. M. com.tamargo.exist.Coleccion empNoEmpleadoContratadoMasAlto
INFO: EmpNo de empleadoContratado más alto: 27
dic. 12, 2020 3:21:38 P. M. com.tamargo.exist.Coleccion insertarEmpleadoContratado
FINEST: Nuevo empleado contratado 28 insertado
dic. 12, 2020 3:21:38 P. M. com.tamargo.exist.Coleccion numEmpleadosDepartamento
INFO: Número de empleados del departamento 21: 3
dic. 12, 2020 3:21:38 P. M. com.tamargo.exist.Coleccion salarioTotalDepartamento
INFO: Número de empleados del departamento 21: 20000
dic. 12, 2020 3:22:12 P. M. com.tamargo.exist.Coleccion borrarEmpresa
FINEST: Empresa 5 eliminada
dic. 12, 2020 3:22:12 P. M. com.tamargo.exist.Coleccion recogerEmpresas
INFO: Empresas leídas: 4
dic. 12, 2020 3:22:12 P. M. com.tamargo.exist.Coleccion recogerDatos
INFO: Datos leídos: 416
dic. 12, 2020 3:22:14 P. M. com.tamargo.exist.Coleccion recogerDepartamentos
INFO: Departamentos leídos: 20
dic. 12, 2020 3:22:15 P. M. com.tamargo.exist.Coleccion recogerEmpleadosContratados
INFO: Empleados contratados leídos: 10
dic. 12, 2020 3:22:15 P. M. com.tamargo.exist.Coleccion recogerEmpleadosDisponibles
INFO: Empleados disponibles leídos: 16
dic. 12, 2020 3:22:15 P. M. com.tamargo.exist.Coleccion numEmpleadosDepartamento
INFO: Número de empleados del departamento 1: 1
dic. 12, 2020 3:22:15 P. M. com.tamargo.exist.Coleccion salarioTotalDepartamento
INFO: Número de empleados del departamento 1: 1000
dic. 12, 2020 3:22:15 P. M. com.tamargo.exist.Coleccion recogerEmpleadosDisponibles
INFO: Empleados disponibles leídos: 16
dic. 12, 2020 3:22:19 P. M. com.tamargo.exist.Coleccion empNoEmpleadoContratadoMasAlto
INFO: EmpNo de empleadoContratado más alto: 22
dic. 12, 2020 3:22:19 P. M. com.tamargo.exist.Coleccion insertarEmpleadoContratado
FINEST: Nuevo empleado contratado 23 insertado
dic. 12, 2020 3:22:19 P. M. com.tamargo.exist.Coleccion numEmpleadosDepartamento
INFO: Número de empleados del departamento 1: 1
dic. 12, 2020 3:22:19 P. M. com.tamargo.exist.Coleccion salarioTotalDepartamento
INFO: Número de empleados del departamento 1: 1000
dic. 12, 2020 3:22:20 P. M. com.tamargo.exist.Coleccion empNoEmpleadoContratadoMasAlto
INFO: EmpNo de empleadoContratado más alto: 23
dic. 12, 2020 3:22:20 P. M. com.tamargo.exist.Coleccion insertarEmpleadoContratado
FINEST: Nuevo empleado contratado 24 insertado
dic. 12, 2020 3:22:20 P. M. com.tamargo.exist.Coleccion numEmpleadosDepartamento
INFO: Número de empleados del departamento 1: 1
dic. 12, 2020 3:22:20 P. M. com.tamargo.exist.Coleccion salarioTotalDepartamento
INFO: Número de empleados del departamento 1: 1000
dic. 12, 2020 3:22:21 P. M. com.tamargo.exist.Coleccion editarEmpresa
FINEST: Empresa 1 editada
dic. 12, 2020 3:22:21 P. M. com.tamargo.exist.Coleccion numEmpleadosDepartamento
INFO: Número de empleados del departamento 1: 1
dic. 12, 2020 3:22:21 P. M. com.tamargo.exist.Coleccion salarioTotalDepartamento
INFO: Número de empleados del departamento 1: 1000
dic. 12, 2020 3:22:22 P. M. com.tamargo.exist.Coleccion recogerEmpleadosDisponibles
INFO: Empleados disponibles leídos: 12
dic. 12, 2020 3:22:22 P. M. com.tamargo.exist.Coleccion idEmpleadoDisponibleMasAlto
INFO: Id de empleadoDisponible más alto: 16
dic. 12, 2020 3:22:22 P. M. com.tamargo.exist.Coleccion insertarEmpleadoDisponible
FINEST: Nuevo empleado disponible 17 insertado
dic. 12, 2020 3:22:22 P. M. com.tamargo.exist.Coleccion idEmpleadoDisponibleMasAlto
INFO: Id de empleadoDisponible más alto: 17
dic. 12, 2020 3:22:22 P. M. com.tamargo.exist.Coleccion insertarEmpleadoDisponible
FINEST: Nuevo empleado disponible 18 insertado
dic. 12, 2020 3:22:22 P. M. com.tamargo.exist.Coleccion idEmpleadoDisponibleMasAlto
INFO: Id de empleadoDisponible más alto: 18
dic. 12, 2020 3:22:22 P. M. com.tamargo.exist.Coleccion insertarEmpleadoDisponible
FINEST: Nuevo empleado disponible 19 insertado
dic. 12, 2020 3:22:22 P. M. com.tamargo.exist.Coleccion idEmpleadoDisponibleMasAlto
INFO: Id de empleadoDisponible más alto: 19
dic. 12, 2020 3:22:22 P. M. com.tamargo.exist.Coleccion insertarEmpleadoDisponible
FINEST: Nuevo empleado disponible 20 insertado
dic. 12, 2020 3:22:23 P. M. com.tamargo.exist.Coleccion empNoEmpleadoContratadoMasAlto
INFO: EmpNo de empleadoContratado más alto: 24
dic. 12, 2020 3:22:23 P. M. com.tamargo.exist.Coleccion insertarEmpleadoContratado
FINEST: Nuevo empleado contratado 25 insertado
dic. 12, 2020 3:22:23 P. M. com.tamargo.exist.Coleccion numEmpleadosDepartamento
INFO: Número de empleados del departamento 1: 2
dic. 12, 2020 3:22:23 P. M. com.tamargo.exist.Coleccion salarioTotalDepartamento
INFO: Número de empleados del departamento 1: 30000
dic. 12, 2020 3:22:26 P. M. com.tamargo.exist.Coleccion empNoEmpleadoContratadoMasAlto
INFO: EmpNo de empleadoContratado más alto: 25
dic. 12, 2020 3:22:26 P. M. com.tamargo.exist.Coleccion insertarEmpleadoContratado
FINEST: Nuevo empleado contratado 26 insertado
dic. 12, 2020 3:22:26 P. M. com.tamargo.exist.Coleccion numEmpleadosDepartamento
INFO: Número de empleados del departamento 1: 2
dic. 12, 2020 3:22:26 P. M. com.tamargo.exist.Coleccion salarioTotalDepartamento
INFO: Número de empleados del departamento 1: 30000
dic. 12, 2020 3:22:28 P. M. com.tamargo.exist.Coleccion editarEmpresa
FINEST: Empresa 1 editada
dic. 12, 2020 3:22:28 P. M. com.tamargo.exist.Coleccion editarEdadEmpleadoContratado
FINEST: Edad del empleado 26 editada
dic. 12, 2020 3:22:28 P. M. com.tamargo.exist.Coleccion numEmpleadosDepartamento
INFO: Número de empleados del departamento 1: 2
dic. 12, 2020 3:22:28 P. M. com.tamargo.exist.Coleccion salarioTotalDepartamento
INFO: Número de empleados del departamento 1: 30000
dic. 12, 2020 3:22:28 P. M. com.tamargo.exist.Coleccion recogerEmpleadosDisponibles
INFO: Empleados disponibles leídos: 12
dic. 12, 2020 3:22:28 P. M. com.tamargo.exist.Coleccion idEmpleadoDisponibleMasAlto
INFO: Id de empleadoDisponible más alto: 16
dic. 12, 2020 3:22:28 P. M. com.tamargo.exist.Coleccion insertarEmpleadoDisponible
FINEST: Nuevo empleado disponible 17 insertado
dic. 12, 2020 3:22:28 P. M. com.tamargo.exist.Coleccion idEmpleadoDisponibleMasAlto
INFO: Id de empleadoDisponible más alto: 17
dic. 12, 2020 3:22:28 P. M. com.tamargo.exist.Coleccion insertarEmpleadoDisponible
FINEST: Nuevo empleado disponible 18 insertado
dic. 12, 2020 3:22:28 P. M. com.tamargo.exist.Coleccion idEmpleadoDisponibleMasAlto
INFO: Id de empleadoDisponible más alto: 18
dic. 12, 2020 3:22:28 P. M. com.tamargo.exist.Coleccion insertarEmpleadoDisponible
FINEST: Nuevo empleado disponible 19 insertado
dic. 12, 2020 3:22:28 P. M. com.tamargo.exist.Coleccion idEmpleadoDisponibleMasAlto
INFO: Id de empleadoDisponible más alto: 19
dic. 12, 2020 3:22:28 P. M. com.tamargo.exist.Coleccion insertarEmpleadoDisponible
FINEST: Nuevo empleado disponible 20 insertado
dic. 12, 2020 3:22:30 P. M. com.tamargo.exist.Coleccion empNoEmpleadoContratadoMasAlto
INFO: EmpNo de empleadoContratado más alto: 26
dic. 12, 2020 3:22:30 P. M. com.tamargo.exist.Coleccion insertarEmpleadoContratado
FINEST: Nuevo empleado contratado 27 insertado
dic. 12, 2020 3:22:30 P. M. com.tamargo.exist.Coleccion numEmpleadosDepartamento
INFO: Número de empleados del departamento 1: 3
dic. 12, 2020 3:22:30 P. M. com.tamargo.exist.Coleccion salarioTotalDepartamento
INFO: Número de empleados del departamento 1: 41000
dic. 12, 2020 3:22:30 P. M. com.tamargo.exist.Coleccion empNoEmpleadoContratadoMasAlto
INFO: EmpNo de empleadoContratado más alto: 27
dic. 12, 2020 3:22:30 P. M. com.tamargo.exist.Coleccion insertarEmpleadoContratado
FINEST: Nuevo empleado contratado 28 insertado
dic. 12, 2020 3:22:30 P. M. com.tamargo.exist.Coleccion numEmpleadosDepartamento
INFO: Número de empleados del departamento 1: 4
dic. 12, 2020 3:22:30 P. M. com.tamargo.exist.Coleccion salarioTotalDepartamento
INFO: Número de empleados del departamento 1: 69000
dic. 12, 2020 3:22:31 P. M. com.tamargo.exist.Coleccion editarEmpresa
FINEST: Empresa 1 editada
dic. 12, 2020 3:22:31 P. M. com.tamargo.exist.Coleccion numEmpleadosDepartamento
INFO: Número de empleados del departamento 1: 4
dic. 12, 2020 3:22:31 P. M. com.tamargo.exist.Coleccion salarioTotalDepartamento
INFO: Número de empleados del departamento 1: 69000
dic. 12, 2020 3:22:31 P. M. com.tamargo.exist.Coleccion recogerEmpleadosDisponibles
INFO: Empleados disponibles leídos: 12
dic. 12, 2020 3:22:31 P. M. com.tamargo.exist.Coleccion idEmpleadoDisponibleMasAlto
INFO: Id de empleadoDisponible más alto: 16
dic. 12, 2020 3:22:31 P. M. com.tamargo.exist.Coleccion insertarEmpleadoDisponible
FINEST: Nuevo empleado disponible 17 insertado
dic. 12, 2020 3:22:31 P. M. com.tamargo.exist.Coleccion idEmpleadoDisponibleMasAlto
INFO: Id de empleadoDisponible más alto: 17
dic. 12, 2020 3:22:31 P. M. com.tamargo.exist.Coleccion insertarEmpleadoDisponible
FINEST: Nuevo empleado disponible 18 insertado
dic. 12, 2020 3:22:31 P. M. com.tamargo.exist.Coleccion idEmpleadoDisponibleMasAlto
INFO: Id de empleadoDisponible más alto: 18
dic. 12, 2020 3:22:31 P. M. com.tamargo.exist.Coleccion insertarEmpleadoDisponible
FINEST: Nuevo empleado disponible 19 insertado
dic. 12, 2020 3:22:31 P. M. com.tamargo.exist.Coleccion idEmpleadoDisponibleMasAlto
INFO: Id de empleadoDisponible más alto: 19
dic. 12, 2020 3:22:31 P. M. com.tamargo.exist.Coleccion insertarEmpleadoDisponible
FINEST: Nuevo empleado disponible 20 insertado
dic. 12, 2020 3:22:33 P. M. com.tamargo.exist.Coleccion empNoEmpleadoContratadoMasAlto
INFO: EmpNo de empleadoContratado más alto: 28
dic. 12, 2020 3:22:33 P. M. com.tamargo.exist.Coleccion insertarEmpleadoContratado
FINEST: Nuevo empleado contratado 29 insertado
dic. 12, 2020 3:22:33 P. M. com.tamargo.exist.Coleccion numEmpleadosDepartamento
INFO: Número de empleados del departamento 1: 4
dic. 12, 2020 3:22:33 P. M. com.tamargo.exist.Coleccion salarioTotalDepartamento
INFO: Número de empleados del departamento 1: 69000
dic. 12, 2020 3:22:34 P. M. com.tamargo.exist.Coleccion editarEmpresa
FINEST: Empresa 1 editada
dic. 12, 2020 3:22:34 P. M. com.tamargo.exist.Coleccion numEmpleadosDepartamento
INFO: Número de empleados del departamento 1: 4
dic. 12, 2020 3:22:34 P. M. com.tamargo.exist.Coleccion salarioTotalDepartamento
INFO: Número de empleados del departamento 1: 69000
dic. 12, 2020 3:22:34 P. M. com.tamargo.exist.Coleccion recogerEmpleadosDisponibles
INFO: Empleados disponibles leídos: 12
dic. 12, 2020 3:22:34 P. M. com.tamargo.exist.Coleccion idEmpleadoDisponibleMasAlto
INFO: Id de empleadoDisponible más alto: 16
dic. 12, 2020 3:22:34 P. M. com.tamargo.exist.Coleccion insertarEmpleadoDisponible
FINEST: Nuevo empleado disponible 17 insertado
dic. 12, 2020 3:22:34 P. M. com.tamargo.exist.Coleccion idEmpleadoDisponibleMasAlto
INFO: Id de empleadoDisponible más alto: 17
dic. 12, 2020 3:22:34 P. M. com.tamargo.exist.Coleccion insertarEmpleadoDisponible
FINEST: Nuevo empleado disponible 18 insertado
dic. 12, 2020 3:22:34 P. M. com.tamargo.exist.Coleccion idEmpleadoDisponibleMasAlto
INFO: Id de empleadoDisponible más alto: 18
dic. 12, 2020 3:22:34 P. M. com.tamargo.exist.Coleccion insertarEmpleadoDisponible
FINEST: Nuevo empleado disponible 19 insertado
dic. 12, 2020 3:22:34 P. M. com.tamargo.exist.Coleccion idEmpleadoDisponibleMasAlto
INFO: Id de empleadoDisponible más alto: 19
dic. 12, 2020 3:22:34 P. M. com.tamargo.exist.Coleccion insertarEmpleadoDisponible
FINEST: Nuevo empleado disponible 20 insertado
dic. 12, 2020 3:22:36 P. M. com.tamargo.exist.Coleccion empNoEmpleadoContratadoMasAlto
INFO: EmpNo de empleadoContratado más alto: 29
dic. 12, 2020 3:22:36 P. M. com.tamargo.exist.Coleccion insertarEmpleadoContratado
FINEST: Nuevo empleado contratado 30 insertado
dic. 12, 2020 3:22:36 P. M. com.tamargo.exist.Coleccion numEmpleadosDepartamento
INFO: Número de empleados del departamento 1: 4
dic. 12, 2020 3:22:36 P. M. com.tamargo.exist.Coleccion salarioTotalDepartamento
INFO: Número de empleados del departamento 1: 69000
dic. 12, 2020 3:22:37 P. M. com.tamargo.exist.Coleccion empNoEmpleadoContratadoMasAlto
INFO: EmpNo de empleadoContratado más alto: 30
dic. 12, 2020 3:22:37 P. M. com.tamargo.exist.Coleccion insertarEmpleadoContratado
FINEST: Nuevo empleado contratado 31 insertado
dic. 12, 2020 3:22:37 P. M. com.tamargo.exist.Coleccion numEmpleadosDepartamento
INFO: Número de empleados del departamento 1: 4
dic. 12, 2020 3:22:37 P. M. com.tamargo.exist.Coleccion salarioTotalDepartamento
INFO: Número de empleados del departamento 1: 69000
dic. 12, 2020 3:22:38 P. M. com.tamargo.exist.Coleccion empNoEmpleadoContratadoMasAlto
INFO: EmpNo de empleadoContratado más alto: 31
dic. 12, 2020 3:22:38 P. M. com.tamargo.exist.Coleccion insertarEmpleadoContratado
FINEST: Nuevo empleado contratado 32 insertado
dic. 12, 2020 3:22:38 P. M. com.tamargo.exist.Coleccion numEmpleadosDepartamento
INFO: Número de empleados del departamento 1: 4
dic. 12, 2020 3:22:38 P. M. com.tamargo.exist.Coleccion salarioTotalDepartamento
INFO: Número de empleados del departamento 1: 69000
dic. 12, 2020 3:22:39 P. M. com.tamargo.exist.Coleccion editarEmpresa
FINEST: Empresa 1 editada
dic. 12, 2020 3:22:39 P. M. com.tamargo.exist.Coleccion editarEdadEmpleadoContratado
FINEST: Edad del empleado 32 editada
dic. 12, 2020 3:22:39 P. M. com.tamargo.exist.Coleccion numEmpleadosDepartamento
INFO: Número de empleados del departamento 1: 4
dic. 12, 2020 3:22:39 P. M. com.tamargo.exist.Coleccion salarioTotalDepartamento
INFO: Número de empleados del departamento 1: 69000
dic. 12, 2020 3:22:39 P. M. com.tamargo.exist.Coleccion recogerEmpleadosDisponibles
INFO: Empleados disponibles leídos: 12
dic. 12, 2020 3:22:39 P. M. com.tamargo.exist.Coleccion idEmpleadoDisponibleMasAlto
INFO: Id de empleadoDisponible más alto: 16
dic. 12, 2020 3:22:39 P. M. com.tamargo.exist.Coleccion insertarEmpleadoDisponible
FINEST: Nuevo empleado disponible 17 insertado
dic. 12, 2020 3:22:39 P. M. com.tamargo.exist.Coleccion idEmpleadoDisponibleMasAlto
INFO: Id de empleadoDisponible más alto: 17
dic. 12, 2020 3:22:39 P. M. com.tamargo.exist.Coleccion insertarEmpleadoDisponible
FINEST: Nuevo empleado disponible 18 insertado
dic. 12, 2020 3:22:39 P. M. com.tamargo.exist.Coleccion idEmpleadoDisponibleMasAlto
INFO: Id de empleadoDisponible más alto: 18
dic. 12, 2020 3:22:39 P. M. com.tamargo.exist.Coleccion insertarEmpleadoDisponible
FINEST: Nuevo empleado disponible 19 insertado
dic. 12, 2020 3:22:39 P. M. com.tamargo.exist.Coleccion idEmpleadoDisponibleMasAlto
INFO: Id de empleadoDisponible más alto: 19
dic. 12, 2020 3:22:39 P. M. com.tamargo.exist.Coleccion insertarEmpleadoDisponible
FINEST: Nuevo empleado disponible 20 insertado
dic. 12, 2020 3:22:41 P. M. com.tamargo.exist.Coleccion empNoEmpleadoContratadoMasAlto
INFO: EmpNo de empleadoContratado más alto: 32
dic. 12, 2020 3:22:41 P. M. com.tamargo.exist.Coleccion insertarEmpleadoContratado
FINEST: Nuevo empleado contratado 33 insertado
dic. 12, 2020 3:22:41 P. M. com.tamargo.exist.Coleccion numEmpleadosDepartamento
INFO: Número de empleados del departamento 1: 4
dic. 12, 2020 3:22:41 P. M. com.tamargo.exist.Coleccion salarioTotalDepartamento
INFO: Número de empleados del departamento 1: 69000
dic. 12, 2020 3:22:41 P. M. com.tamargo.exist.Coleccion empNoEmpleadoContratadoMasAlto
INFO: EmpNo de empleadoContratado más alto: 33
dic. 12, 2020 3:22:41 P. M. com.tamargo.exist.Coleccion insertarEmpleadoContratado
FINEST: Nuevo empleado contratado 34 insertado
dic. 12, 2020 3:22:41 P. M. com.tamargo.exist.Coleccion numEmpleadosDepartamento
INFO: Número de empleados del departamento 1: 5
dic. 12, 2020 3:22:42 P. M. com.tamargo.exist.Coleccion salarioTotalDepartamento
INFO: Número de empleados del departamento 1: 77000
dic. 12, 2020 3:22:47 P. M. com.tamargo.exist.Coleccion editarEmpresa
FINEST: Empresa 1 editada
dic. 12, 2020 3:22:47 P. M. com.tamargo.exist.Coleccion editarEdadEmpleadoContratado
FINEST: Edad del empleado 16 editada
dic. 12, 2020 3:22:47 P. M. com.tamargo.exist.Coleccion numEmpleadosDepartamento
INFO: Número de empleados del departamento 1: 5
dic. 12, 2020 3:22:47 P. M. com.tamargo.exist.Coleccion salarioTotalDepartamento
INFO: Número de empleados del departamento 1: 77000
dic. 12, 2020 3:22:47 P. M. com.tamargo.exist.Coleccion recogerEmpleadosDisponibles
INFO: Empleados disponibles leídos: 12
dic. 12, 2020 3:22:47 P. M. com.tamargo.exist.Coleccion idEmpleadoDisponibleMasAlto
INFO: Id de empleadoDisponible más alto: 16
dic. 12, 2020 3:22:47 P. M. com.tamargo.exist.Coleccion insertarEmpleadoDisponible
FINEST: Nuevo empleado disponible 17 insertado
dic. 12, 2020 3:22:47 P. M. com.tamargo.exist.Coleccion idEmpleadoDisponibleMasAlto
INFO: Id de empleadoDisponible más alto: 17
dic. 12, 2020 3:22:47 P. M. com.tamargo.exist.Coleccion insertarEmpleadoDisponible
FINEST: Nuevo empleado disponible 18 insertado
dic. 12, 2020 3:22:47 P. M. com.tamargo.exist.Coleccion idEmpleadoDisponibleMasAlto
INFO: Id de empleadoDisponible más alto: 18
dic. 12, 2020 3:22:47 P. M. com.tamargo.exist.Coleccion insertarEmpleadoDisponible
FINEST: Nuevo empleado disponible 19 insertado
dic. 12, 2020 3:22:47 P. M. com.tamargo.exist.Coleccion idEmpleadoDisponibleMasAlto
INFO: Id de empleadoDisponible más alto: 19
dic. 12, 2020 3:22:47 P. M. com.tamargo.exist.Coleccion insertarEmpleadoDisponible
FINEST: Nuevo empleado disponible 20 insertado
dic. 12, 2020 3:22:49 P. M. com.tamargo.exist.Coleccion empNoEmpleadoContratadoMasAlto
INFO: EmpNo de empleadoContratado más alto: 34
dic. 12, 2020 3:22:49 P. M. com.tamargo.exist.Coleccion insertarEmpleadoContratado
FINEST: Nuevo empleado contratado 35 insertado
dic. 12, 2020 3:22:49 P. M. com.tamargo.exist.Coleccion numEmpleadosDepartamento
INFO: Número de empleados del departamento 1: 5
dic. 12, 2020 3:22:49 P. M. com.tamargo.exist.Coleccion salarioTotalDepartamento
INFO: Número de empleados del departamento 1: 77000
dic. 12, 2020 3:22:51 P. M. com.tamargo.exist.Coleccion empNoEmpleadoContratadoMasAlto
INFO: EmpNo de empleadoContratado más alto: 35
dic. 12, 2020 3:22:51 P. M. com.tamargo.exist.Coleccion insertarEmpleadoContratado
FINEST: Nuevo empleado contratado 36 insertado
dic. 12, 2020 3:22:51 P. M. com.tamargo.exist.Coleccion numEmpleadosDepartamento
INFO: Número de empleados del departamento 1: 5
dic. 12, 2020 3:22:51 P. M. com.tamargo.exist.Coleccion salarioTotalDepartamento
INFO: Número de empleados del departamento 1: 77000
dic. 12, 2020 3:22:51 P. M. com.tamargo.exist.Coleccion empNoEmpleadoContratadoMasAlto
INFO: EmpNo de empleadoContratado más alto: 36
dic. 12, 2020 3:22:51 P. M. com.tamargo.exist.Coleccion insertarEmpleadoContratado
FINEST: Nuevo empleado contratado 37 insertado
dic. 12, 2020 3:22:51 P. M. com.tamargo.exist.Coleccion numEmpleadosDepartamento
INFO: Número de empleados del departamento 1: 6
dic. 12, 2020 3:22:51 P. M. com.tamargo.exist.Coleccion salarioTotalDepartamento
INFO: Número de empleados del departamento 1: 103000
dic. 12, 2020 3:22:55 P. M. com.tamargo.exist.Coleccion editarEmpresa
FINEST: Empresa 1 editada
dic. 12, 2020 3:22:55 P. M. com.tamargo.exist.Coleccion editarEdadEmpleadoContratado
FINEST: Edad del empleado 25 editada
dic. 12, 2020 3:22:55 P. M. com.tamargo.exist.Coleccion numEmpleadosDepartamento
INFO: Número de empleados del departamento 1: 6
dic. 12, 2020 3:22:55 P. M. com.tamargo.exist.Coleccion salarioTotalDepartamento
INFO: Número de empleados del departamento 1: 103000
dic. 12, 2020 3:22:55 P. M. com.tamargo.exist.Coleccion recogerEmpleadosDisponibles
INFO: Empleados disponibles leídos: 12
dic. 12, 2020 3:22:55 P. M. com.tamargo.exist.Coleccion idEmpleadoDisponibleMasAlto
INFO: Id de empleadoDisponible más alto: 16
dic. 12, 2020 3:22:55 P. M. com.tamargo.exist.Coleccion insertarEmpleadoDisponible
FINEST: Nuevo empleado disponible 17 insertado
dic. 12, 2020 3:22:55 P. M. com.tamargo.exist.Coleccion idEmpleadoDisponibleMasAlto
INFO: Id de empleadoDisponible más alto: 17
dic. 12, 2020 3:22:55 P. M. com.tamargo.exist.Coleccion insertarEmpleadoDisponible
FINEST: Nuevo empleado disponible 18 insertado
dic. 12, 2020 3:22:55 P. M. com.tamargo.exist.Coleccion idEmpleadoDisponibleMasAlto
INFO: Id de empleadoDisponible más alto: 18
dic. 12, 2020 3:22:55 P. M. com.tamargo.exist.Coleccion insertarEmpleadoDisponible
FINEST: Nuevo empleado disponible 19 insertado
dic. 12, 2020 3:22:55 P. M. com.tamargo.exist.Coleccion idEmpleadoDisponibleMasAlto
INFO: Id de empleadoDisponible más alto: 19
dic. 12, 2020 3:22:55 P. M. com.tamargo.exist.Coleccion insertarEmpleadoDisponible
FINEST: Nuevo empleado disponible 20 insertado
dic. 12, 2020 3:22:56 P. M. com.tamargo.exist.Coleccion empNoEmpleadoContratadoMasAlto
INFO: EmpNo de empleadoContratado más alto: 37
dic. 12, 2020 3:22:56 P. M. com.tamargo.exist.Coleccion insertarEmpleadoContratado
FINEST: Nuevo empleado contratado 38 insertado
dic. 12, 2020 3:22:56 P. M. com.tamargo.exist.Coleccion numEmpleadosDepartamento
INFO: Número de empleados del departamento 1: 7
dic. 12, 2020 3:22:56 P. M. com.tamargo.exist.Coleccion salarioTotalDepartamento
INFO: Número de empleados del departamento 1: 126000
dic. 12, 2020 3:23:04 P. M. com.tamargo.exist.Coleccion editarEmpresa
FINEST: Empresa 1 editada
dic. 12, 2020 3:23:04 P. M. com.tamargo.exist.Coleccion editarEdadEmpleadoContratado
FINEST: Edad del empleado 28 editada
dic. 12, 2020 3:23:04 P. M. com.tamargo.exist.Coleccion editarEdadEmpleadoContratado
FINEST: Edad del empleado 30 editada
dic. 12, 2020 3:23:04 P. M. com.tamargo.exist.Coleccion numEmpleadosDepartamento
INFO: Número de empleados del departamento 1: 7
dic. 12, 2020 3:23:04 P. M. com.tamargo.exist.Coleccion salarioTotalDepartamento
INFO: Número de empleados del departamento 1: 126000
dic. 12, 2020 3:23:04 P. M. com.tamargo.exist.Coleccion recogerEmpleadosDisponibles
INFO: Empleados disponibles leídos: 12
dic. 12, 2020 3:23:04 P. M. com.tamargo.exist.Coleccion idEmpleadoDisponibleMasAlto
INFO: Id de empleadoDisponible más alto: 16
dic. 12, 2020 3:23:04 P. M. com.tamargo.exist.Coleccion insertarEmpleadoDisponible
FINEST: Nuevo empleado disponible 17 insertado
dic. 12, 2020 3:23:04 P. M. com.tamargo.exist.Coleccion idEmpleadoDisponibleMasAlto
INFO: Id de empleadoDisponible más alto: 17
dic. 12, 2020 3:23:04 P. M. com.tamargo.exist.Coleccion insertarEmpleadoDisponible
FINEST: Nuevo empleado disponible 18 insertado
dic. 12, 2020 3:23:04 P. M. com.tamargo.exist.Coleccion idEmpleadoDisponibleMasAlto
INFO: Id de empleadoDisponible más alto: 18
dic. 12, 2020 3:23:04 P. M. com.tamargo.exist.Coleccion insertarEmpleadoDisponible
FINEST: Nuevo empleado disponible 19 insertado
dic. 12, 2020 3:23:04 P. M. com.tamargo.exist.Coleccion idEmpleadoDisponibleMasAlto
INFO: Id de empleadoDisponible más alto: 19
dic. 12, 2020 3:23:04 P. M. com.tamargo.exist.Coleccion insertarEmpleadoDisponible
FINEST: Nuevo empleado disponible 20 insertado
dic. 12, 2020 3:23:09 P. M. com.tamargo.exist.Coleccion empNoEmpleadoContratadoMasAlto
INFO: EmpNo de empleadoContratado más alto: 38
dic. 12, 2020 3:23:09 P. M. com.tamargo.exist.Coleccion insertarEmpleadoContratado
FINEST: Nuevo empleado contratado 39 insertado
dic. 12, 2020 3:23:09 P. M. com.tamargo.exist.Coleccion numEmpleadosDepartamento
INFO: Número de empleados del departamento 1: 8
dic. 12, 2020 3:23:09 P. M. com.tamargo.exist.Coleccion salarioTotalDepartamento
INFO: Número de empleados del departamento 1: 127000
dic. 12, 2020 3:23:22 P. M. com.tamargo.exist.Coleccion numEmpleadosDepartamento
INFO: Número de empleados del departamento 2: 5
dic. 12, 2020 3:23:22 P. M. com.tamargo.exist.Coleccion salarioTotalDepartamento
INFO: Número de empleados del departamento 2: 93000
dic. 12, 2020 3:23:22 P. M. com.tamargo.exist.Coleccion numEmpleadosDepartamento
INFO: Número de empleados del departamento 1: 8
dic. 12, 2020 3:23:22 P. M. com.tamargo.exist.Coleccion salarioTotalDepartamento
INFO: Número de empleados del departamento 1: 127000
dic. 12, 2020 3:23:27 P. M. com.tamargo.exist.Coleccion numEmpleadosDepartamento
INFO: Número de empleados del departamento 2: 5
dic. 12, 2020 3:23:27 P. M. com.tamargo.exist.Coleccion salarioTotalDepartamento
INFO: Número de empleados del departamento 2: 93000
dic. 12, 2020 3:23:27 P. M. com.tamargo.exist.Coleccion numEmpleadosDepartamento
INFO: Número de empleados del departamento 1: 8
dic. 12, 2020 3:23:27 P. M. com.tamargo.exist.Coleccion salarioTotalDepartamento
INFO: Número de empleados del departamento 1: 127000
dic. 12, 2020 3:23:32 P. M. com.tamargo.exist.Coleccion numEmpleadosDepartamento
INFO: Número de empleados del departamento 2: 5
dic. 12, 2020 3:23:32 P. M. com.tamargo.exist.Coleccion salarioTotalDepartamento
INFO: Número de empleados del departamento 2: 93000
dic. 12, 2020 3:23:36 P. M. com.tamargo.exist.Coleccion numEmpleadosDepartamento
INFO: Número de empleados del departamento 3: 0
dic. 12, 2020 3:23:36 P. M. com.tamargo.exist.Coleccion salarioTotalDepartamento
INFO: Número de empleados del departamento 3: 0
dic. 12, 2020 3:23:37 P. M. com.tamargo.exist.Coleccion numEmpleadosDepartamento
INFO: Número de empleados del departamento 2: 5
dic. 12, 2020 3:23:37 P. M. com.tamargo.exist.Coleccion salarioTotalDepartamento
INFO: Número de empleados del departamento 2: 93000
dic. 12, 2020 3:23:40 P. M. com.tamargo.exist.Coleccion empNoEmpleadoContratadoMasAlto
INFO: EmpNo de empleadoContratado más alto: 39
dic. 12, 2020 3:23:40 P. M. com.tamargo.exist.Coleccion insertarEmpleadoContratado
FINEST: Nuevo empleado contratado 40 insertado
dic. 12, 2020 3:23:40 P. M. com.tamargo.exist.Coleccion numEmpleadosDepartamento
INFO: Número de empleados del departamento 1: 8
dic. 12, 2020 3:23:40 P. M. com.tamargo.exist.Coleccion salarioTotalDepartamento
INFO: Número de empleados del departamento 1: 127000
dic. 12, 2020 3:23:41 P. M. com.tamargo.exist.Coleccion empNoEmpleadoContratadoMasAlto
INFO: EmpNo de empleadoContratado más alto: 40
dic. 12, 2020 3:23:41 P. M. com.tamargo.exist.Coleccion insertarEmpleadoContratado
FINEST: Nuevo empleado contratado 41 insertado
dic. 12, 2020 3:23:41 P. M. com.tamargo.exist.Coleccion numEmpleadosDepartamento
INFO: Número de empleados del departamento 1: 8
dic. 12, 2020 3:23:41 P. M. com.tamargo.exist.Coleccion salarioTotalDepartamento
INFO: Número de empleados del departamento 1: 127000
dic. 12, 2020 3:23:43 P. M. com.tamargo.exist.Coleccion numEmpleadosDepartamento
INFO: Número de empleados del departamento 2: 5
dic. 12, 2020 3:23:43 P. M. com.tamargo.exist.Coleccion salarioTotalDepartamento
INFO: Número de empleados del departamento 2: 93000
dic. 12, 2020 3:39:05 P. M. com.tamargo.exist.Coleccion recogerEmpresas
INFO: Empresas leídas: 4
dic. 12, 2020 3:39:05 P. M. com.tamargo.exist.Coleccion recogerDatos
INFO: Datos leídos: 416
dic. 12, 2020 3:39:06 P. M. com.tamargo.exist.Coleccion idEmpresaMasAlto
INFO: Id de empresa más alto: 4
dic. 12, 2020 3:39:10 P. M. com.tamargo.exist.Coleccion depNoDepartamentoMasAlto
INFO: DepNo de departamento más alto: 20
dic. 12, 2020 3:39:10 P. M. com.tamargo.exist.Coleccion recogerDatos
INFO: Datos leídos: 416
dic. 12, 2020 3:39:10 P. M. com.tamargo.exist.Coleccion empNoEmpleadoContratadoMasAlto
INFO: EmpNo de empleadoContratado más alto: 41
dic. 12, 2020 3:39:10 P. M. com.tamargo.exist.Coleccion insertarEmpresa
FINEST: Nueva empresa 5 insertada
dic. 12, 2020 3:39:10 P. M. com.tamargo.exist.Coleccion insertarDepartamento
FINEST: Nuevo departamento  21 insertado
dic. 12, 2020 3:39:10 P. M. com.tamargo.exist.Coleccion insertarDepartamento
FINEST: Nuevo departamento  22 insertado
dic. 12, 2020 3:39:10 P. M. com.tamargo.exist.Coleccion insertarDepartamento
FINEST: Nuevo departamento  23 insertado
dic. 12, 2020 3:39:10 P. M. com.tamargo.exist.Coleccion insertarDepartamento
FINEST: Nuevo departamento  24 insertado
dic. 12, 2020 3:39:10 P. M. com.tamargo.exist.Coleccion insertarDepartamento
FINEST: Nuevo departamento  25 insertado
dic. 12, 2020 3:39:10 P. M. com.tamargo.exist.Coleccion insertarEmpleadoContratado
FINEST: Nuevo empleado contratado 42 insertado
dic. 12, 2020 3:39:10 P. M. com.tamargo.exist.Coleccion insertarEmpleadoContratado
FINEST: Nuevo empleado contratado 43 insertado
dic. 12, 2020 3:39:10 P. M. com.tamargo.exist.Coleccion numEmpleadosDepartamento
INFO: Número de empleados del departamento 21: 1
dic. 12, 2020 3:39:10 P. M. com.tamargo.exist.Coleccion salarioTotalDepartamento
INFO: Número de empleados del departamento 21: 1000
dic. 12, 2020 3:39:10 P. M. com.tamargo.exist.Coleccion recogerEmpleadosDisponibles
INFO: Empleados disponibles leídos: 13
dic. 12, 2020 3:39:10 P. M. com.tamargo.exist.Coleccion idEmpleadoDisponibleMasAlto
INFO: Id de empleadoDisponible más alto: 17
dic. 12, 2020 3:39:10 P. M. com.tamargo.exist.Coleccion insertarEmpleadoDisponible
FINEST: Nuevo empleado disponible 18 insertado
dic. 12, 2020 3:39:10 P. M. com.tamargo.exist.Coleccion idEmpleadoDisponibleMasAlto
INFO: Id de empleadoDisponible más alto: 18
dic. 12, 2020 3:39:10 P. M. com.tamargo.exist.Coleccion insertarEmpleadoDisponible
FINEST: Nuevo empleado disponible 19 insertado
dic. 12, 2020 3:39:10 P. M. com.tamargo.exist.Coleccion idEmpleadoDisponibleMasAlto
INFO: Id de empleadoDisponible más alto: 19
dic. 12, 2020 3:39:10 P. M. com.tamargo.exist.Coleccion insertarEmpleadoDisponible
FINEST: Nuevo empleado disponible 20 insertado
dic. 12, 2020 3:39:10 P. M. com.tamargo.exist.Coleccion idEmpleadoDisponibleMasAlto
INFO: Id de empleadoDisponible más alto: 20
dic. 12, 2020 3:39:10 P. M. com.tamargo.exist.Coleccion insertarEmpleadoDisponible
FINEST: Nuevo empleado disponible 21 insertado
dic. 12, 2020 3:39:12 P. M. com.tamargo.exist.Coleccion recogerEmpresas
INFO: Empresas leídas: 5
dic. 12, 2020 3:39:12 P. M. com.tamargo.exist.Coleccion recogerDatos
INFO: Datos leídos: 416
dic. 12, 2020 3:39:12 P. M. com.tamargo.exist.Coleccion idEmpresaMasAlto
INFO: Id de empresa más alto: 5
dic. 12, 2020 3:39:19 P. M. com.tamargo.exist.Coleccion depNoDepartamentoMasAlto
INFO: DepNo de departamento más alto: 25
dic. 12, 2020 3:39:19 P. M. com.tamargo.exist.Coleccion recogerDatos
INFO: Datos leídos: 416
dic. 12, 2020 3:39:19 P. M. com.tamargo.exist.Coleccion empNoEmpleadoContratadoMasAlto
INFO: EmpNo de empleadoContratado más alto: 43
dic. 12, 2020 3:39:19 P. M. com.tamargo.exist.Coleccion insertarEmpresa
FINEST: Nueva empresa 6 insertada
dic. 12, 2020 3:39:19 P. M. com.tamargo.exist.Coleccion insertarDepartamento
FINEST: Nuevo departamento  26 insertado
dic. 12, 2020 3:39:19 P. M. com.tamargo.exist.Coleccion insertarDepartamento
FINEST: Nuevo departamento  27 insertado
dic. 12, 2020 3:39:19 P. M. com.tamargo.exist.Coleccion insertarDepartamento
FINEST: Nuevo departamento  28 insertado
dic. 12, 2020 3:39:19 P. M. com.tamargo.exist.Coleccion insertarDepartamento
FINEST: Nuevo departamento  29 insertado
dic. 12, 2020 3:39:19 P. M. com.tamargo.exist.Coleccion insertarDepartamento
FINEST: Nuevo departamento  30 insertado
dic. 12, 2020 3:39:19 P. M. com.tamargo.exist.Coleccion insertarEmpleadoContratado
FINEST: Nuevo empleado contratado 44 insertado
dic. 12, 2020 3:39:19 P. M. com.tamargo.exist.Coleccion insertarEmpleadoContratado
FINEST: Nuevo empleado contratado 45 insertado
dic. 12, 2020 3:39:19 P. M. com.tamargo.exist.Coleccion numEmpleadosDepartamento
INFO: Número de empleados del departamento 26: 1
dic. 12, 2020 3:39:19 P. M. com.tamargo.exist.Coleccion salarioTotalDepartamento
INFO: Número de empleados del departamento 26: 1000
dic. 12, 2020 3:39:19 P. M. com.tamargo.exist.Coleccion recogerEmpleadosDisponibles
INFO: Empleados disponibles leídos: 17
dic. 12, 2020 3:39:19 P. M. com.tamargo.exist.Coleccion idEmpleadoDisponibleMasAlto
INFO: Id de empleadoDisponible más alto: 21
dic. 12, 2020 3:39:19 P. M. com.tamargo.exist.Coleccion insertarEmpleadoDisponible
FINEST: Nuevo empleado disponible 22 insertado
dic. 12, 2020 3:39:19 P. M. com.tamargo.exist.Coleccion idEmpleadoDisponibleMasAlto
INFO: Id de empleadoDisponible más alto: 22
dic. 12, 2020 3:39:19 P. M. com.tamargo.exist.Coleccion insertarEmpleadoDisponible
FINEST: Nuevo empleado disponible 23 insertado
dic. 12, 2020 3:39:19 P. M. com.tamargo.exist.Coleccion idEmpleadoDisponibleMasAlto
INFO: Id de empleadoDisponible más alto: 23
dic. 12, 2020 3:39:19 P. M. com.tamargo.exist.Coleccion insertarEmpleadoDisponible
FINEST: Nuevo empleado disponible 24 insertado
dic. 12, 2020 3:39:19 P. M. com.tamargo.exist.Coleccion idEmpleadoDisponibleMasAlto
INFO: Id de empleadoDisponible más alto: 24
dic. 12, 2020 3:39:19 P. M. com.tamargo.exist.Coleccion insertarEmpleadoDisponible
FINEST: Nuevo empleado disponible 25 insertado
dic. 12, 2020 3:39:21 P. M. com.tamargo.exist.Coleccion recogerEmpresas
INFO: Empresas leídas: 6
dic. 12, 2020 3:39:21 P. M. com.tamargo.exist.Coleccion recogerDatos
INFO: Datos leídos: 416
dic. 12, 2020 3:51:08 P. M. com.tamargo.exist.Coleccion recogerEmpresas
INFO: Empresas leídas: 6
dic. 12, 2020 3:51:08 P. M. com.tamargo.exist.Coleccion recogerDatos
INFO: Datos leídos: 416
dic. 12, 2020 3:52:30 P. M. com.tamargo.exist.Coleccion recogerEmpresas
INFO: Empresas leídas: 6
dic. 12, 2020 3:52:30 P. M. com.tamargo.exist.Coleccion recogerDatos
INFO: Datos leídos: 416
dic. 12, 2020 3:52:35 P. M. com.tamargo.exist.Coleccion recogerDepartamentos
INFO: Departamentos leídos: 30
dic. 12, 2020 3:52:35 P. M. com.tamargo.exist.Coleccion recogerEmpleadosContratados
INFO: Empleados contratados leídos: 33
dic. 12, 2020 3:52:35 P. M. com.tamargo.exist.Coleccion recogerEmpleadosDisponibles
INFO: Empleados disponibles leídos: 21
dic. 12, 2020 3:52:35 P. M. com.tamargo.exist.Coleccion numEmpleadosDepartamento
INFO: Número de empleados del departamento 1: 8
dic. 12, 2020 3:52:35 P. M. com.tamargo.exist.Coleccion salarioTotalDepartamento
INFO: Número de empleados del departamento 1: 127000
dic. 12, 2020 3:52:35 P. M. com.tamargo.exist.Coleccion recogerEmpleadosDisponibles
INFO: Empleados disponibles leídos: 21
dic. 12, 2020 3:52:37 P. M. com.tamargo.exist.Coleccion recogerEmpresas
INFO: Empresas leídas: 6
dic. 12, 2020 3:52:37 P. M. com.tamargo.exist.Coleccion recogerDatos
INFO: Datos leídos: 416
dic. 12, 2020 3:52:38 P. M. com.tamargo.exist.Coleccion recogerDepartamentos
INFO: Departamentos leídos: 30
dic. 12, 2020 3:52:38 P. M. com.tamargo.exist.Coleccion recogerEmpleadosContratados
INFO: Empleados contratados leídos: 33
dic. 12, 2020 3:52:38 P. M. com.tamargo.exist.Coleccion recogerEmpleadosDisponibles
INFO: Empleados disponibles leídos: 21
dic. 12, 2020 3:52:38 P. M. com.tamargo.exist.Coleccion numEmpleadosDepartamento
INFO: Número de empleados del departamento 1: 8
dic. 12, 2020 3:52:38 P. M. com.tamargo.exist.Coleccion salarioTotalDepartamento
INFO: Número de empleados del departamento 1: 127000
dic. 12, 2020 3:52:38 P. M. com.tamargo.exist.Coleccion recogerEmpleadosDisponibles
INFO: Empleados disponibles leídos: 21
dic. 12, 2020 3:52:39 P. M. com.tamargo.exist.Coleccion recogerEmpresas
INFO: Empresas leídas: 6
dic. 12, 2020 3:52:39 P. M. com.tamargo.exist.Coleccion recogerDatos
INFO: Datos leídos: 416
dic. 12, 2020 3:52:40 P. M. com.tamargo.exist.Coleccion recogerDepartamentos
INFO: Departamentos leídos: 30
dic. 12, 2020 3:52:40 P. M. com.tamargo.exist.Coleccion recogerEmpleadosContratados
INFO: Empleados contratados leídos: 33
dic. 12, 2020 3:52:40 P. M. com.tamargo.exist.Coleccion recogerEmpleadosDisponibles
INFO: Empleados disponibles leídos: 21
dic. 12, 2020 3:52:40 P. M. com.tamargo.exist.Coleccion numEmpleadosDepartamento
INFO: Número de empleados del departamento 21: 1
dic. 12, 2020 3:52:40 P. M. com.tamargo.exist.Coleccion salarioTotalDepartamento
INFO: Número de empleados del departamento 21: 1000
dic. 12, 2020 3:52:40 P. M. com.tamargo.exist.Coleccion recogerEmpleadosDisponibles
INFO: Empleados disponibles leídos: 21
dic. 12, 2020 3:52:41 P. M. com.tamargo.exist.Coleccion recogerEmpresas
INFO: Empresas leídas: 6
dic. 12, 2020 3:52:41 P. M. com.tamargo.exist.Coleccion recogerDatos
INFO: Datos leídos: 416
dic. 12, 2020 3:52:42 P. M. com.tamargo.exist.Coleccion recogerDepartamentos
INFO: Departamentos leídos: 30
dic. 12, 2020 3:52:42 P. M. com.tamargo.exist.Coleccion recogerEmpleadosContratados
INFO: Empleados contratados leídos: 33
dic. 12, 2020 3:52:42 P. M. com.tamargo.exist.Coleccion recogerEmpleadosDisponibles
INFO: Empleados disponibles leídos: 21
dic. 12, 2020 3:52:42 P. M. com.tamargo.exist.Coleccion numEmpleadosDepartamento
INFO: Número de empleados del departamento 16: 1
dic. 12, 2020 3:52:42 P. M. com.tamargo.exist.Coleccion salarioTotalDepartamento
INFO: Número de empleados del departamento 16: 1000
dic. 12, 2020 3:52:42 P. M. com.tamargo.exist.Coleccion recogerEmpleadosDisponibles
INFO: Empleados disponibles leídos: 21
dic. 12, 2020 3:52:42 P. M. com.tamargo.exist.Coleccion recogerEmpresas
INFO: Empresas leídas: 6
dic. 12, 2020 3:52:42 P. M. com.tamargo.exist.Coleccion recogerDatos
INFO: Datos leídos: 416
dic. 12, 2020 3:52:43 P. M. com.tamargo.exist.Coleccion recogerDepartamentos
INFO: Departamentos leídos: 30
dic. 12, 2020 3:52:43 P. M. com.tamargo.exist.Coleccion recogerEmpleadosContratados
INFO: Empleados contratados leídos: 33
dic. 12, 2020 3:52:43 P. M. com.tamargo.exist.Coleccion recogerEmpleadosDisponibles
INFO: Empleados disponibles leídos: 21
dic. 12, 2020 3:52:43 P. M. com.tamargo.exist.Coleccion numEmpleadosDepartamento
INFO: Número de empleados del departamento 6: 1
dic. 12, 2020 3:52:43 P. M. com.tamargo.exist.Coleccion salarioTotalDepartamento
INFO: Número de empleados del departamento 6: 1000
dic. 12, 2020 3:52:43 P. M. com.tamargo.exist.Coleccion recogerEmpleadosDisponibles
INFO: Empleados disponibles leídos: 21
dic. 12, 2020 3:52:43 P. M. com.tamargo.exist.Coleccion recogerEmpresas
INFO: Empresas leídas: 6
dic. 12, 2020 3:52:43 P. M. com.tamargo.exist.Coleccion recogerDatos
INFO: Datos leídos: 416
dic. 12, 2020 3:52:44 P. M. com.tamargo.exist.Coleccion recogerDepartamentos
INFO: Departamentos leídos: 30
dic. 12, 2020 3:52:44 P. M. com.tamargo.exist.Coleccion recogerEmpleadosContratados
INFO: Empleados contratados leídos: 33
dic. 12, 2020 3:52:44 P. M. com.tamargo.exist.Coleccion recogerEmpleadosDisponibles
INFO: Empleados disponibles leídos: 21
dic. 12, 2020 3:52:44 P. M. com.tamargo.exist.Coleccion numEmpleadosDepartamento
INFO: Número de empleados del departamento 11: 1
dic. 12, 2020 3:52:44 P. M. com.tamargo.exist.Coleccion salarioTotalDepartamento
INFO: Número de empleados del departamento 11: 1000
dic. 12, 2020 3:52:44 P. M. com.tamargo.exist.Coleccion recogerEmpleadosDisponibles
INFO: Empleados disponibles leídos: 21
dic. 12, 2020 3:52:44 P. M. com.tamargo.exist.Coleccion recogerEmpresas
INFO: Empresas leídas: 6
dic. 12, 2020 3:52:44 P. M. com.tamargo.exist.Coleccion recogerDatos
INFO: Datos leídos: 416
