dic. 11, 2020 2:16:53 A. M. com.tamargo.exist.Coleccion recogerEmpresas
SEVERE: Empresas leídas: 1
dic. 11, 2020 2:17:21 A. M. com.tamargo.exist.Coleccion recogerEmpresas
SEVERE: Empresas leídas: 1
dic. 11, 2020 2:18:49 A. M. com.tamargo.exist.Coleccion recogerEmpresas
SEVERE: Empresas leídas: 1
dic. 11, 2020 2:19:00 A. M. com.tamargo.exist.Coleccion recogerEmpresas
SEVERE: Empresas leídas: 1
dic. 11, 2020 2:19:28 A. M. com.tamargo.exist.Coleccion recogerEmpresas
SEVERE: Empresas leídas: 1
dic. 11, 2020 2:19:47 A. M. com.tamargo.exist.Coleccion recogerEmpresas
SEVERE: Empresas leídas: 1
dic. 11, 2020 2:19:59 A. M. com.tamargo.exist.Coleccion recogerEmpresas
SEVERE: Empresas leídas: 1
dic. 11, 2020 2:20:39 A. M. com.tamargo.exist.Coleccion recogerEmpresas
SEVERE: Empresas leídas: 1
dic. 11, 2020 2:20:50 A. M. com.tamargo.exist.Coleccion recogerEmpresas
SEVERE: Empresas leídas: 1
dic. 11, 2020 2:22:58 A. M. com.tamargo.exist.Coleccion recogerEmpresas
SEVERE: Empresas leídas: 1
dic. 11, 2020 2:23:49 A. M. com.tamargo.exist.Coleccion recogerEmpresas
SEVERE: Empresas leídas: 1
dic. 11, 2020 2:24:08 A. M. com.tamargo.exist.Coleccion recogerEmpresas
SEVERE: Empresas leídas: 1
dic. 11, 2020 2:25:09 A. M. com.tamargo.exist.Coleccion recogerEmpresas
SEVERE: Empresas leídas: 1
dic. 11, 2020 2:27:00 A. M. com.tamargo.exist.Coleccion recogerEmpresas
SEVERE: Empresas leídas: 1
dic. 11, 2020 2:29:51 A. M. com.tamargo.exist.Coleccion insertarEmpresa
INFO: Se ha intentado insertar la empresa 0 pero ya existe una empresa con ese id
dic. 11, 2020 2:29:51 A. M. com.tamargo.exist.Coleccion insertarDepartamento
INFO: Se ha intentado insertar el departamento 0 pero ya existe un departamento con ese id
dic. 11, 2020 2:29:51 A. M. com.tamargo.exist.Coleccion insertarIniciativaActiva
INFO: Se ha intentado insertar la iniciativa activa pero ya existe esa iniciativa en esa empresa
dic. 11, 2020 2:29:51 A. M. com.tamargo.exist.Coleccion insertarEmpleadoContratado
INFO: Se ha intentado insertar el empleado contratado 0 pero ya existe un empleado con ese empNo
dic. 11, 2020 2:29:51 A. M. com.tamargo.exist.Coleccion insertarEmpleadoDisponible
INFO: Se ha intentado insertar el empleado disponible 0 pero ya existe un empleado con ese id
